[INFO], 2020-05-06 11:49:04, [2020-05-06,11:49:04][I][[RDRConfig.print:187]] CfgFile : rdr-pbs.cfg 
[INFO], 2020-05-06 11:49:04, [2020-05-06,11:49:04][I][[RDRConfig.print:188]]  databaseType : mysql 
[INFO], 2020-05-06 11:49:04, [2020-05-06,11:49:04][I][[RDRConfig.print:189]]  sqliteFile : [ekp_biopsy_stomach.db, null] 
[INFO], 2020-05-06 11:49:04, [2020-05-06,11:49:04][I][[RDRConfig.print:190]]  databaseDriver : com.mysql.jdbc.Driver 
[INFO], 2020-05-06 11:49:04, [2020-05-06,11:49:04][I][[RDRConfig.print:191]]  dbURL : jdbc:mysql://localhost:3306/ 
[INFO], 2020-05-06 11:49:04, [2020-05-06,11:49:04][I][[RDRConfig.print:192]]  useUnicode : yes 
[INFO], 2020-05-06 11:49:04, [2020-05-06,11:49:04][I][[RDRConfig.print:193]]  characterEncoding : UTF-8 
[INFO], 2020-05-06 11:49:04, [2020-05-06,11:49:04][I][[RDRConfig.print:194]]  databaseName : [rdrkb_pbs, smf_peripheralbloodsmear] 
[INFO], 2020-05-06 11:49:04, [2020-05-06,11:49:04][I][[RDRConfig.print:195]]  user : root 
[INFO], 2020-05-06 11:49:04, [2020-05-06,11:49:04][I][[RDRConfig.print:196]]  password : root 
[INFO], 2020-05-06 11:49:04, [2020-05-06,11:49:04][I][[RDRConfig.print:197]]  rootPath   : c:\Dev\eclipse_ws\rdr-general-web\src\main\webapp\WEB-INF\cfg\\ 
[INFO], 2020-05-06 11:49:04, [2020-05-06,11:49:04][I][[RDRConfig.print:198]]  domainPath : c:\Dev\eclipse_ws\rdr-general-web\src\main\webapp\WEB-INF\cfg\\rdr-pbs\domain\ 
[INFO], 2020-05-06 11:49:04, [2020-05-06,11:49:04][I][[RDRConfig.print:199]]  sqlPath    : c:\Dev\eclipse_ws\rdr-general-web\src\main\webapp\WEB-INF\cfg\\sql\ 
[INFO], 2020-05-06 11:49:04, [2020-05-06,11:49:04][I][[RDRConfig.print:200]]  logPath    : c:\Dev\eclipse_ws\rdr-general-web\src\main\webapp\WEB-INF\cfg\\rdr-pbs\log\ 
[INFO], 2020-05-06 11:49:04, [2020-05-06,11:49:04][I][[RDRConfig.print:201]]  arffFile   : c:\Dev\eclipse_ws\rdr-general-web\src\main\webapp\WEB-INF\cfg\\rdr-pbs\domain\cases\rdrkb_ep.arff 
[INFO], 2020-05-06 11:49:04, [2020-05-06,11:49:04][I][[RDRConfig.print:202]]  testArffFile : c:\Dev\eclipse_ws\rdr-general-web\src\main\webapp\WEB-INF\cfg\\rdr-pbs\domain\cases\rdrkb_eptesting.arff 
[INFO], 2020-05-06 11:49:04, [2020-05-06,11:49:04][I][[RDRConfig.print:209]]  nullValues : [(na)] [(NA)] [(null)] [(NULL)]  
[INFO], 2020-05-06 11:49:04, [2020-05-06,11:49:04][I][[RDRConfig.print:211]] rangeRatio : 10.0 
[INFO], 2020-05-06 11:49:04, [2020-05-06,11:49:04][I][[RDRConfig.print:212]] strictValidationSCRDR : N 
[INFO], 2020-05-06 11:49:04, [2020-05-06,11:49:04][I][[RDRConfig.print:213]] debug_inputCase : N 
[INFO], 2020-05-06 11:49:04, [2020-05-06,11:49:04][I][[RDRConfig.print:214]] debug_reqeust : Y 
[INFO], 2020-05-06 11:49:04, [2020-05-06,11:49:04][I][[RDRConfig.print:215]] debug_inference : N 
[INFO], 2020-05-06 11:49:04, [2020-05-06,11:49:04][I][[RDRConfig.print:216]] debug_sql : N 
[INFO], 2020-05-06 11:49:04, [2020-05-06,11:49:04][I][[MakeDAO.getDefaultConnection:90]] default connection created.... 
[INFO], 2020-05-06 11:49:04, [2020-05-06,11:49:04][I][[MakeDAO.getDefaultConnection:91]] DB : jdbc:mysql://localhost:3306/rdrkb_pbs?useUnicode=yes&characterEncoding=UTF-8&autoReconnect=true&useSSL=false 
[INFO], 2020-05-06 11:49:04, [2020-05-06,11:49:04][I][[MysqlConnection.connect:30]] Opened database successfully, MysqlConnection 
[INFO], 2020-05-06 11:49:04, [2020-05-06,11:49:04][I][[MakeDAO.getDefaultConnection:90]] default connection created.... 
[INFO], 2020-05-06 11:49:04, [2020-05-06,11:49:04][I][[MakeDAO.getDefaultConnection:91]] DB : jdbc:mysql://localhost:3306/rdrkb_pbs?useUnicode=yes&characterEncoding=UTF-8&autoReconnect=true&useSSL=false 
[INFO], 2020-05-06 11:49:04, [2020-05-06,11:49:04][I][[MysqlConnection.connect:30]] Opened database successfully, MysqlConnection 
[INFO], 2020-05-06 11:49:04, [2020-05-06,11:49:04][I][[RDRInterface.initializeDomain:175]] Engine initailize, domain : pbs 
[INFO], 2020-05-06 11:49:04, [2020-05-06,11:49:04][I][[RDRDBManager.getDomainDetails:1363]] domain : pbs, 말초혈액 도말검사(Peripheral Blood Smear), MCRDR 
[INFO], 2020-05-06 11:49:05, [2020-05-06,11:49:05][I][[RDRDBManager.getCaseStructure:1420]] Case structure loading... 
[INFO], 2020-05-06 11:49:05, [2020-05-06,11:49:05][I][[RDRDBManager.getCaseStructure:1462]] CaseStructure Load from DB, cnt : 96, dup cnt : 0 
[INFO], 2020-05-06 11:49:05, [2020-05-06,11:49:05][I][[RDRDBManager.getConditionHashMap:1823]] Rule conditions loading... 
[INFO], 2020-05-06 11:49:05, [2020-05-06,11:49:05][I][[RDRDBManager.getConclusionSet:1873]] Rule conclusions loading... 
[INFO], 2020-05-06 11:49:05, [2020-05-06,11:49:05][I][[RDRDBManager.getRuleStructureSet:1564]] Rule loading... 
[INFO], 2020-05-06 11:49:05, [2020-05-06,11:49:05][I][[RDRDBManager.deleteCategoricalValueByAttribute:707]] @delete categoricalValueByAttribute : domain[pbs] attr[02_Size_NUM] 
[INFO], 2020-05-06 11:49:05, [2020-05-06,11:49:05][I][[RDRDBManager.deleteCaseStructureByAttribute:655]] @delete caseStructureByAttribute : domain[pbs] attr[02_Size_NUM] 
[INFO], 2020-05-06 11:49:05, [2020-05-06,11:49:05][I][[CaseLoader.deleteAttribute:208]] attribute (02_Size_NUM) deleted successfully. 
[INFO], 2020-05-06 11:49:05, [2020-05-06,11:49:05][I][[RDRInterface.reloadDomain:248]] reloadDomain for [pbs] 
[INFO], 2020-05-06 11:49:05, [2020-05-06,11:49:05][I][[RDRDBManager.getDomainDetails:1363]] domain : pbs, 말초혈액 도말검사(Peripheral Blood Smear), MCRDR 
[INFO], 2020-05-06 11:49:05, [2020-05-06,11:49:05][I][[RDRDBManager.getCaseStructure:1420]] Case structure loading... 
[INFO], 2020-05-06 11:49:05, [2020-05-06,11:49:05][I][[RDRDBManager.getCaseStructure:1462]] CaseStructure Load from DB, cnt : 95, dup cnt : 0 
[INFO], 2020-05-06 11:49:05, [2020-05-06,11:49:05][I][[RDRDBManager.getConditionHashMap:1823]] Rule conditions loading... 
[INFO], 2020-05-06 11:49:05, [2020-05-06,11:49:05][I][[RDRDBManager.getConclusionSet:1873]] Rule conclusions loading... 
[INFO], 2020-05-06 11:49:05, [2020-05-06,11:49:05][I][[RDRDBManager.getRuleStructureSet:1564]] Rule loading... 
[ERROR], 2020-05-06 11:49:05, [2020-05-06,11:49:05][E][[DeleteAttribute.deleteAttr:114]] deleted : 02_Size_NUM 
[INFO], 2020-05-06 11:49:05, [2020-05-06,11:49:05][I][[RDRDBManager.deleteCategoricalValueByAttribute:707]] @delete categoricalValueByAttribute : domain[pbs] attr[03_Chromicity_NUM] 
[INFO], 2020-05-06 11:49:05, [2020-05-06,11:49:05][I][[RDRDBManager.deleteCaseStructureByAttribute:655]] @delete caseStructureByAttribute : domain[pbs] attr[03_Chromicity_NUM] 
[INFO], 2020-05-06 11:49:05, [2020-05-06,11:49:05][I][[CaseLoader.deleteAttribute:208]] attribute (03_Chromicity_NUM) deleted successfully. 
[INFO], 2020-05-06 11:49:05, [2020-05-06,11:49:05][I][[RDRInterface.reloadDomain:248]] reloadDomain for [pbs] 
[INFO], 2020-05-06 11:49:05, [2020-05-06,11:49:05][I][[RDRDBManager.getDomainDetails:1363]] domain : pbs, 말초혈액 도말검사(Peripheral Blood Smear), MCRDR 
[INFO], 2020-05-06 11:49:05, [2020-05-06,11:49:05][I][[RDRDBManager.getCaseStructure:1420]] Case structure loading... 
[INFO], 2020-05-06 11:49:05, [2020-05-06,11:49:05][I][[RDRDBManager.getCaseStructure:1462]] CaseStructure Load from DB, cnt : 94, dup cnt : 0 
[INFO], 2020-05-06 11:49:05, [2020-05-06,11:49:05][I][[RDRDBManager.getConditionHashMap:1823]] Rule conditions loading... 
[INFO], 2020-05-06 11:49:05, [2020-05-06,11:49:05][I][[RDRDBManager.getConclusionSet:1873]] Rule conclusions loading... 
[INFO], 2020-05-06 11:49:05, [2020-05-06,11:49:05][I][[RDRDBManager.getRuleStructureSet:1564]] Rule loading... 
[ERROR], 2020-05-06 11:49:05, [2020-05-06,11:49:05][E][[DeleteAttribute.deleteAttr:114]] deleted : 03_Chromicity_NUM 
[INFO], 2020-05-06 11:49:05, [2020-05-06,11:49:05][I][[RDRDBManager.deleteCategoricalValueByAttribute:707]] @delete categoricalValueByAttribute : domain[pbs] attr[04_Anisocytosis_NUM] 
[INFO], 2020-05-06 11:49:05, [2020-05-06,11:49:05][I][[RDRDBManager.deleteCaseStructureByAttribute:655]] @delete caseStructureByAttribute : domain[pbs] attr[04_Anisocytosis_NUM] 
[INFO], 2020-05-06 11:49:05, [2020-05-06,11:49:05][I][[CaseLoader.deleteAttribute:208]] attribute (04_Anisocytosis_NUM) deleted successfully. 
[INFO], 2020-05-06 11:49:05, [2020-05-06,11:49:05][I][[RDRInterface.reloadDomain:248]] reloadDomain for [pbs] 
[INFO], 2020-05-06 11:49:05, [2020-05-06,11:49:05][I][[RDRDBManager.getDomainDetails:1363]] domain : pbs, 말초혈액 도말검사(Peripheral Blood Smear), MCRDR 
[INFO], 2020-05-06 11:49:05, [2020-05-06,11:49:05][I][[RDRDBManager.getCaseStructure:1420]] Case structure loading... 
[INFO], 2020-05-06 11:49:05, [2020-05-06,11:49:05][I][[RDRDBManager.getCaseStructure:1462]] CaseStructure Load from DB, cnt : 93, dup cnt : 0 
[INFO], 2020-05-06 11:49:05, [2020-05-06,11:49:05][I][[RDRDBManager.getConditionHashMap:1823]] Rule conditions loading... 
[INFO], 2020-05-06 11:49:05, [2020-05-06,11:49:05][I][[RDRDBManager.getConclusionSet:1873]] Rule conclusions loading... 
[INFO], 2020-05-06 11:49:05, [2020-05-06,11:49:05][I][[RDRDBManager.getRuleStructureSet:1564]] Rule loading... 
[ERROR], 2020-05-06 11:49:05, [2020-05-06,11:49:05][E][[DeleteAttribute.deleteAttr:114]] deleted : 04_Anisocytosis_NUM 
[INFO], 2020-05-06 11:49:05, [2020-05-06,11:49:05][I][[RDRDBManager.deleteCategoricalValueByAttribute:707]] @delete categoricalValueByAttribute : domain[pbs] attr[05_Poikilocytosis_NUM] 
[INFO], 2020-05-06 11:49:05, [2020-05-06,11:49:05][I][[RDRDBManager.deleteCaseStructureByAttribute:655]] @delete caseStructureByAttribute : domain[pbs] attr[05_Poikilocytosis_NUM] 
[INFO], 2020-05-06 11:49:05, [2020-05-06,11:49:05][I][[CaseLoader.deleteAttribute:208]] attribute (05_Poikilocytosis_NUM) deleted successfully. 
[INFO], 2020-05-06 11:49:05, [2020-05-06,11:49:05][I][[RDRInterface.reloadDomain:248]] reloadDomain for [pbs] 
[INFO], 2020-05-06 11:49:05, [2020-05-06,11:49:05][I][[RDRDBManager.getDomainDetails:1363]] domain : pbs, 말초혈액 도말검사(Peripheral Blood Smear), MCRDR 
[INFO], 2020-05-06 11:49:05, [2020-05-06,11:49:05][I][[RDRDBManager.getCaseStructure:1420]] Case structure loading... 
[INFO], 2020-05-06 11:49:05, [2020-05-06,11:49:05][I][[RDRDBManager.getCaseStructure:1462]] CaseStructure Load from DB, cnt : 92, dup cnt : 0 
[INFO], 2020-05-06 11:49:05, [2020-05-06,11:49:05][I][[RDRDBManager.getConditionHashMap:1823]] Rule conditions loading... 
[INFO], 2020-05-06 11:49:05, [2020-05-06,11:49:05][I][[RDRDBManager.getConclusionSet:1873]] Rule conclusions loading... 
[INFO], 2020-05-06 11:49:05, [2020-05-06,11:49:05][I][[RDRDBManager.getRuleStructureSet:1564]] Rule loading... 
[ERROR], 2020-05-06 11:49:05, [2020-05-06,11:49:05][E][[DeleteAttribute.deleteAttr:114]] deleted : 05_Poikilocytosis_NUM 
[INFO], 2020-05-06 11:49:05, [2020-05-06,11:49:05][I][[RDRDBManager.deleteCategoricalValueByAttribute:707]] @delete categoricalValueByAttribute : domain[pbs] attr[06_Elliptocyte_NUM] 
[INFO], 2020-05-06 11:49:05, [2020-05-06,11:49:05][I][[RDRDBManager.deleteCaseStructureByAttribute:655]] @delete caseStructureByAttribute : domain[pbs] attr[06_Elliptocyte_NUM] 
[INFO], 2020-05-06 11:49:05, [2020-05-06,11:49:05][I][[CaseLoader.deleteAttribute:208]] attribute (06_Elliptocyte_NUM) deleted successfully. 
[INFO], 2020-05-06 11:49:05, [2020-05-06,11:49:05][I][[RDRInterface.reloadDomain:248]] reloadDomain for [pbs] 
[INFO], 2020-05-06 11:49:05, [2020-05-06,11:49:05][I][[RDRDBManager.getDomainDetails:1363]] domain : pbs, 말초혈액 도말검사(Peripheral Blood Smear), MCRDR 
[INFO], 2020-05-06 11:49:05, [2020-05-06,11:49:05][I][[RDRDBManager.getCaseStructure:1420]] Case structure loading... 
[INFO], 2020-05-06 11:49:05, [2020-05-06,11:49:05][I][[RDRDBManager.getCaseStructure:1462]] CaseStructure Load from DB, cnt : 91, dup cnt : 0 
[INFO], 2020-05-06 11:49:05, [2020-05-06,11:49:05][I][[RDRDBManager.getConditionHashMap:1823]] Rule conditions loading... 
[INFO], 2020-05-06 11:49:05, [2020-05-06,11:49:05][I][[RDRDBManager.getConclusionSet:1873]] Rule conclusions loading... 
[INFO], 2020-05-06 11:49:05, [2020-05-06,11:49:05][I][[RDRDBManager.getRuleStructureSet:1564]] Rule loading... 
[ERROR], 2020-05-06 11:49:06, [2020-05-06,11:49:06][E][[DeleteAttribute.deleteAttr:114]] deleted : 06_Elliptocyte_NUM 
[INFO], 2020-05-06 11:49:06, [2020-05-06,11:49:06][I][[RDRDBManager.deleteCategoricalValueByAttribute:707]] @delete categoricalValueByAttribute : domain[pbs] attr[07_burr cell_NUM] 
[INFO], 2020-05-06 11:49:06, [2020-05-06,11:49:06][I][[RDRDBManager.deleteCaseStructureByAttribute:655]] @delete caseStructureByAttribute : domain[pbs] attr[07_burr cell_NUM] 
[INFO], 2020-05-06 11:49:06, [2020-05-06,11:49:06][I][[CaseLoader.deleteAttribute:208]] attribute (07_burr cell_NUM) deleted successfully. 
[INFO], 2020-05-06 11:49:06, [2020-05-06,11:49:06][I][[RDRInterface.reloadDomain:248]] reloadDomain for [pbs] 
[INFO], 2020-05-06 11:49:06, [2020-05-06,11:49:06][I][[RDRDBManager.getDomainDetails:1363]] domain : pbs, 말초혈액 도말검사(Peripheral Blood Smear), MCRDR 
[INFO], 2020-05-06 11:49:06, [2020-05-06,11:49:06][I][[RDRDBManager.getCaseStructure:1420]] Case structure loading... 
[INFO], 2020-05-06 11:49:06, [2020-05-06,11:49:06][I][[RDRDBManager.getCaseStructure:1462]] CaseStructure Load from DB, cnt : 90, dup cnt : 0 
[INFO], 2020-05-06 11:49:06, [2020-05-06,11:49:06][I][[RDRDBManager.getConditionHashMap:1823]] Rule conditions loading... 
[INFO], 2020-05-06 11:49:06, [2020-05-06,11:49:06][I][[RDRDBManager.getConclusionSet:1873]] Rule conclusions loading... 
[INFO], 2020-05-06 11:49:06, [2020-05-06,11:49:06][I][[RDRDBManager.getRuleStructureSet:1564]] Rule loading... 
[ERROR], 2020-05-06 11:49:06, [2020-05-06,11:49:06][E][[DeleteAttribute.deleteAttr:114]] deleted : 07_burr cell_NUM 
[INFO], 2020-05-06 11:49:06, [2020-05-06,11:49:06][I][[RDRDBManager.deleteCategoricalValueByAttribute:707]] @delete categoricalValueByAttribute : domain[pbs] attr[08_target cell_NUM] 
[INFO], 2020-05-06 11:49:06, [2020-05-06,11:49:06][I][[RDRDBManager.deleteCaseStructureByAttribute:655]] @delete caseStructureByAttribute : domain[pbs] attr[08_target cell_NUM] 
[INFO], 2020-05-06 11:49:06, [2020-05-06,11:49:06][I][[CaseLoader.deleteAttribute:208]] attribute (08_target cell_NUM) deleted successfully. 
[INFO], 2020-05-06 11:49:06, [2020-05-06,11:49:06][I][[RDRInterface.reloadDomain:248]] reloadDomain for [pbs] 
[INFO], 2020-05-06 11:49:06, [2020-05-06,11:49:06][I][[RDRDBManager.getDomainDetails:1363]] domain : pbs, 말초혈액 도말검사(Peripheral Blood Smear), MCRDR 
[INFO], 2020-05-06 11:49:06, [2020-05-06,11:49:06][I][[RDRDBManager.getCaseStructure:1420]] Case structure loading... 
[INFO], 2020-05-06 11:49:06, [2020-05-06,11:49:06][I][[RDRDBManager.getCaseStructure:1462]] CaseStructure Load from DB, cnt : 89, dup cnt : 0 
[INFO], 2020-05-06 11:49:06, [2020-05-06,11:49:06][I][[RDRDBManager.getConditionHashMap:1823]] Rule conditions loading... 
[INFO], 2020-05-06 11:49:06, [2020-05-06,11:49:06][I][[RDRDBManager.getConclusionSet:1873]] Rule conclusions loading... 
[INFO], 2020-05-06 11:49:06, [2020-05-06,11:49:06][I][[RDRDBManager.getRuleStructureSet:1564]] Rule loading... 
[ERROR], 2020-05-06 11:49:06, [2020-05-06,11:49:06][E][[DeleteAttribute.deleteAttr:114]] deleted : 08_target cell_NUM 
[INFO], 2020-05-06 11:49:06, [2020-05-06,11:49:06][I][[RDRDBManager.deleteCategoricalValueByAttribute:707]] @delete categoricalValueByAttribute : domain[pbs] attr[09_spherocyte_NUM] 
[INFO], 2020-05-06 11:49:06, [2020-05-06,11:49:06][I][[RDRDBManager.deleteCaseStructureByAttribute:655]] @delete caseStructureByAttribute : domain[pbs] attr[09_spherocyte_NUM] 
[INFO], 2020-05-06 11:49:06, [2020-05-06,11:49:06][I][[CaseLoader.deleteAttribute:208]] attribute (09_spherocyte_NUM) deleted successfully. 
[INFO], 2020-05-06 11:49:06, [2020-05-06,11:49:06][I][[RDRInterface.reloadDomain:248]] reloadDomain for [pbs] 
[INFO], 2020-05-06 11:49:06, [2020-05-06,11:49:06][I][[RDRDBManager.getDomainDetails:1363]] domain : pbs, 말초혈액 도말검사(Peripheral Blood Smear), MCRDR 
[INFO], 2020-05-06 11:49:06, [2020-05-06,11:49:06][I][[RDRDBManager.getCaseStructure:1420]] Case structure loading... 
[INFO], 2020-05-06 11:49:06, [2020-05-06,11:49:06][I][[RDRDBManager.getCaseStructure:1462]] CaseStructure Load from DB, cnt : 88, dup cnt : 0 
[INFO], 2020-05-06 11:49:06, [2020-05-06,11:49:06][I][[RDRDBManager.getConditionHashMap:1823]] Rule conditions loading... 
[INFO], 2020-05-06 11:49:06, [2020-05-06,11:49:06][I][[RDRDBManager.getConclusionSet:1873]] Rule conclusions loading... 
[INFO], 2020-05-06 11:49:06, [2020-05-06,11:49:06][I][[RDRDBManager.getRuleStructureSet:1564]] Rule loading... 
[ERROR], 2020-05-06 11:49:06, [2020-05-06,11:49:06][E][[DeleteAttribute.deleteAttr:114]] deleted : 09_spherocyte_NUM 
[INFO], 2020-05-06 11:49:06, [2020-05-06,11:49:06][I][[RDRDBManager.deleteCategoricalValueByAttribute:707]] @delete categoricalValueByAttribute : domain[pbs] attr[10_schistocyte_NUM] 
[INFO], 2020-05-06 11:49:06, [2020-05-06,11:49:06][I][[RDRDBManager.deleteCaseStructureByAttribute:655]] @delete caseStructureByAttribute : domain[pbs] attr[10_schistocyte_NUM] 
[INFO], 2020-05-06 11:49:06, [2020-05-06,11:49:06][I][[CaseLoader.deleteAttribute:208]] attribute (10_schistocyte_NUM) deleted successfully. 
[INFO], 2020-05-06 11:49:06, [2020-05-06,11:49:06][I][[RDRInterface.reloadDomain:248]] reloadDomain for [pbs] 
[INFO], 2020-05-06 11:49:06, [2020-05-06,11:49:06][I][[RDRDBManager.getDomainDetails:1363]] domain : pbs, 말초혈액 도말검사(Peripheral Blood Smear), MCRDR 
[INFO], 2020-05-06 11:49:06, [2020-05-06,11:49:06][I][[RDRDBManager.getCaseStructure:1420]] Case structure loading... 
[INFO], 2020-05-06 11:49:06, [2020-05-06,11:49:06][I][[RDRDBManager.getCaseStructure:1462]] CaseStructure Load from DB, cnt : 87, dup cnt : 0 
[INFO], 2020-05-06 11:49:06, [2020-05-06,11:49:06][I][[RDRDBManager.getConditionHashMap:1823]] Rule conditions loading... 
[INFO], 2020-05-06 11:49:06, [2020-05-06,11:49:06][I][[RDRDBManager.getConclusionSet:1873]] Rule conclusions loading... 
[INFO], 2020-05-06 11:49:06, [2020-05-06,11:49:06][I][[RDRDBManager.getRuleStructureSet:1564]] Rule loading... 
[ERROR], 2020-05-06 11:49:06, [2020-05-06,11:49:06][E][[DeleteAttribute.deleteAttr:114]] deleted : 10_schistocyte_NUM 
[INFO], 2020-05-06 11:49:06, [2020-05-06,11:49:06][I][[RDRDBManager.deleteCategoricalValueByAttribute:707]] @delete categoricalValueByAttribute : domain[pbs] attr[11_Dimorphism_NUM] 
[INFO], 2020-05-06 11:49:06, [2020-05-06,11:49:06][I][[RDRDBManager.deleteCaseStructureByAttribute:655]] @delete caseStructureByAttribute : domain[pbs] attr[11_Dimorphism_NUM] 
[INFO], 2020-05-06 11:49:06, [2020-05-06,11:49:06][I][[CaseLoader.deleteAttribute:208]] attribute (11_Dimorphism_NUM) deleted successfully. 
[INFO], 2020-05-06 11:49:06, [2020-05-06,11:49:06][I][[RDRInterface.reloadDomain:248]] reloadDomain for [pbs] 
[INFO], 2020-05-06 11:49:06, [2020-05-06,11:49:06][I][[RDRDBManager.getDomainDetails:1363]] domain : pbs, 말초혈액 도말검사(Peripheral Blood Smear), MCRDR 
[INFO], 2020-05-06 11:49:06, [2020-05-06,11:49:06][I][[RDRDBManager.getCaseStructure:1420]] Case structure loading... 
[INFO], 2020-05-06 11:49:06, [2020-05-06,11:49:06][I][[RDRDBManager.getCaseStructure:1462]] CaseStructure Load from DB, cnt : 86, dup cnt : 0 
[INFO], 2020-05-06 11:49:06, [2020-05-06,11:49:06][I][[RDRDBManager.getConditionHashMap:1823]] Rule conditions loading... 
[INFO], 2020-05-06 11:49:06, [2020-05-06,11:49:06][I][[RDRDBManager.getConclusionSet:1873]] Rule conclusions loading... 
[INFO], 2020-05-06 11:49:06, [2020-05-06,11:49:06][I][[RDRDBManager.getRuleStructureSet:1564]] Rule loading... 
[ERROR], 2020-05-06 11:49:06, [2020-05-06,11:49:06][E][[DeleteAttribute.deleteAttr:114]] deleted : 11_Dimorphism_NUM 
[INFO], 2020-05-06 11:49:06, [2020-05-06,11:49:06][I][[RDRDBManager.deleteCategoricalValueByAttribute:707]] @delete categoricalValueByAttribute : domain[pbs] attr[12_Rouleux_NUM] 
[INFO], 2020-05-06 11:49:06, [2020-05-06,11:49:06][I][[RDRDBManager.deleteCaseStructureByAttribute:655]] @delete caseStructureByAttribute : domain[pbs] attr[12_Rouleux_NUM] 
[INFO], 2020-05-06 11:49:06, [2020-05-06,11:49:06][I][[CaseLoader.deleteAttribute:208]] attribute (12_Rouleux_NUM) deleted successfully. 
[INFO], 2020-05-06 11:49:06, [2020-05-06,11:49:06][I][[RDRInterface.reloadDomain:248]] reloadDomain for [pbs] 
[INFO], 2020-05-06 11:49:06, [2020-05-06,11:49:06][I][[RDRDBManager.getDomainDetails:1363]] domain : pbs, 말초혈액 도말검사(Peripheral Blood Smear), MCRDR 
[INFO], 2020-05-06 11:49:06, [2020-05-06,11:49:06][I][[RDRDBManager.getCaseStructure:1420]] Case structure loading... 
[INFO], 2020-05-06 11:49:06, [2020-05-06,11:49:06][I][[RDRDBManager.getCaseStructure:1462]] CaseStructure Load from DB, cnt : 85, dup cnt : 0 
[INFO], 2020-05-06 11:49:06, [2020-05-06,11:49:06][I][[RDRDBManager.getConditionHashMap:1823]] Rule conditions loading... 
[INFO], 2020-05-06 11:49:06, [2020-05-06,11:49:06][I][[RDRDBManager.getConclusionSet:1873]] Rule conclusions loading... 
[INFO], 2020-05-06 11:49:06, [2020-05-06,11:49:06][I][[RDRDBManager.getRuleStructureSet:1564]] Rule loading... 
[ERROR], 2020-05-06 11:49:06, [2020-05-06,11:49:06][E][[DeleteAttribute.deleteAttr:114]] deleted : 12_Rouleux_NUM 
[INFO], 2020-05-06 11:49:06, [2020-05-06,11:49:06][I][[RDRDBManager.deleteCategoricalValueByAttribute:707]] @delete categoricalValueByAttribute : domain[pbs] attr[13_Polychromasia_NUM] 
[INFO], 2020-05-06 11:49:06, [2020-05-06,11:49:06][I][[RDRDBManager.deleteCaseStructureByAttribute:655]] @delete caseStructureByAttribute : domain[pbs] attr[13_Polychromasia_NUM] 
[INFO], 2020-05-06 11:49:06, [2020-05-06,11:49:06][I][[CaseLoader.deleteAttribute:208]] attribute (13_Polychromasia_NUM) deleted successfully. 
[INFO], 2020-05-06 11:49:06, [2020-05-06,11:49:06][I][[RDRInterface.reloadDomain:248]] reloadDomain for [pbs] 
[INFO], 2020-05-06 11:49:06, [2020-05-06,11:49:06][I][[RDRDBManager.getDomainDetails:1363]] domain : pbs, 말초혈액 도말검사(Peripheral Blood Smear), MCRDR 
[INFO], 2020-05-06 11:49:06, [2020-05-06,11:49:06][I][[RDRDBManager.getCaseStructure:1420]] Case structure loading... 
[INFO], 2020-05-06 11:49:06, [2020-05-06,11:49:06][I][[RDRDBManager.getCaseStructure:1462]] CaseStructure Load from DB, cnt : 84, dup cnt : 0 
[INFO], 2020-05-06 11:49:06, [2020-05-06,11:49:06][I][[RDRDBManager.getConditionHashMap:1823]] Rule conditions loading... 
[INFO], 2020-05-06 11:49:06, [2020-05-06,11:49:06][I][[RDRDBManager.getConclusionSet:1873]] Rule conclusions loading... 
[INFO], 2020-05-06 11:49:06, [2020-05-06,11:49:06][I][[RDRDBManager.getRuleStructureSet:1564]] Rule loading... 
[ERROR], 2020-05-06 11:49:06, [2020-05-06,11:49:06][E][[DeleteAttribute.deleteAttr:114]] deleted : 13_Polychromasia_NUM 
[INFO], 2020-05-06 11:49:06, [2020-05-06,11:49:06][I][[RDRDBManager.deleteCategoricalValueByAttribute:707]] @delete categoricalValueByAttribute : domain[pbs] attr[14_Basophilic stippling_NUM] 
[INFO], 2020-05-06 11:49:06, [2020-05-06,11:49:06][I][[RDRDBManager.deleteCaseStructureByAttribute:655]] @delete caseStructureByAttribute : domain[pbs] attr[14_Basophilic stippling_NUM] 
[INFO], 2020-05-06 11:49:06, [2020-05-06,11:49:06][I][[CaseLoader.deleteAttribute:208]] attribute (14_Basophilic stippling_NUM) deleted successfully. 
[INFO], 2020-05-06 11:49:06, [2020-05-06,11:49:06][I][[RDRInterface.reloadDomain:248]] reloadDomain for [pbs] 
[INFO], 2020-05-06 11:49:06, [2020-05-06,11:49:06][I][[RDRDBManager.getDomainDetails:1363]] domain : pbs, 말초혈액 도말검사(Peripheral Blood Smear), MCRDR 
[INFO], 2020-05-06 11:49:06, [2020-05-06,11:49:06][I][[RDRDBManager.getCaseStructure:1420]] Case structure loading... 
[INFO], 2020-05-06 11:49:06, [2020-05-06,11:49:06][I][[RDRDBManager.getCaseStructure:1462]] CaseStructure Load from DB, cnt : 83, dup cnt : 0 
[INFO], 2020-05-06 11:49:06, [2020-05-06,11:49:06][I][[RDRDBManager.getConditionHashMap:1823]] Rule conditions loading... 
[INFO], 2020-05-06 11:49:06, [2020-05-06,11:49:06][I][[RDRDBManager.getConclusionSet:1873]] Rule conclusions loading... 
[INFO], 2020-05-06 11:49:06, [2020-05-06,11:49:06][I][[RDRDBManager.getRuleStructureSet:1564]] Rule loading... 
[ERROR], 2020-05-06 11:49:06, [2020-05-06,11:49:06][E][[DeleteAttribute.deleteAttr:114]] deleted : 14_Basophilic stippling_NUM 
[INFO], 2020-05-06 11:49:06, [2020-05-06,11:49:06][I][[RDRDBManager.deleteCategoricalValueByAttribute:707]] @delete categoricalValueByAttribute : domain[pbs] attr[15_Howell-Jolly body_NUM] 
[INFO], 2020-05-06 11:49:06, [2020-05-06,11:49:06][I][[RDRDBManager.deleteCaseStructureByAttribute:655]] @delete caseStructureByAttribute : domain[pbs] attr[15_Howell-Jolly body_NUM] 
[INFO], 2020-05-06 11:49:06, [2020-05-06,11:49:06][I][[CaseLoader.deleteAttribute:208]] attribute (15_Howell-Jolly body_NUM) deleted successfully. 
[INFO], 2020-05-06 11:49:06, [2020-05-06,11:49:06][I][[RDRInterface.reloadDomain:248]] reloadDomain for [pbs] 
[INFO], 2020-05-06 11:49:06, [2020-05-06,11:49:06][I][[RDRDBManager.getDomainDetails:1363]] domain : pbs, 말초혈액 도말검사(Peripheral Blood Smear), MCRDR 
[INFO], 2020-05-06 11:49:06, [2020-05-06,11:49:06][I][[RDRDBManager.getCaseStructure:1420]] Case structure loading... 
[INFO], 2020-05-06 11:49:06, [2020-05-06,11:49:06][I][[RDRDBManager.getCaseStructure:1462]] CaseStructure Load from DB, cnt : 82, dup cnt : 0 
[INFO], 2020-05-06 11:49:06, [2020-05-06,11:49:06][I][[RDRDBManager.getConditionHashMap:1823]] Rule conditions loading... 
[INFO], 2020-05-06 11:49:06, [2020-05-06,11:49:06][I][[RDRDBManager.getConclusionSet:1873]] Rule conclusions loading... 
[INFO], 2020-05-06 11:49:06, [2020-05-06,11:49:06][I][[RDRDBManager.getRuleStructureSet:1564]] Rule loading... 
[ERROR], 2020-05-06 11:49:06, [2020-05-06,11:49:06][E][[DeleteAttribute.deleteAttr:114]] deleted : 15_Howell-Jolly body_NUM 
[INFO], 2020-05-06 11:49:06, [2020-05-06,11:49:06][I][[RDRDBManager.deleteCategoricalValueByAttribute:707]] @delete categoricalValueByAttribute : domain[pbs] attr[16_Tear drop cell_NUM] 
[INFO], 2020-05-06 11:49:06, [2020-05-06,11:49:06][I][[RDRDBManager.deleteCaseStructureByAttribute:655]] @delete caseStructureByAttribute : domain[pbs] attr[16_Tear drop cell_NUM] 
[INFO], 2020-05-06 11:49:06, [2020-05-06,11:49:06][I][[CaseLoader.deleteAttribute:208]] attribute (16_Tear drop cell_NUM) deleted successfully. 
[INFO], 2020-05-06 11:49:06, [2020-05-06,11:49:06][I][[RDRInterface.reloadDomain:248]] reloadDomain for [pbs] 
[INFO], 2020-05-06 11:49:06, [2020-05-06,11:49:06][I][[RDRDBManager.getDomainDetails:1363]] domain : pbs, 말초혈액 도말검사(Peripheral Blood Smear), MCRDR 
[INFO], 2020-05-06 11:49:06, [2020-05-06,11:49:06][I][[RDRDBManager.getCaseStructure:1420]] Case structure loading... 
[INFO], 2020-05-06 11:49:06, [2020-05-06,11:49:06][I][[RDRDBManager.getCaseStructure:1462]] CaseStructure Load from DB, cnt : 81, dup cnt : 0 
[INFO], 2020-05-06 11:49:06, [2020-05-06,11:49:06][I][[RDRDBManager.getConditionHashMap:1823]] Rule conditions loading... 
[INFO], 2020-05-06 11:49:06, [2020-05-06,11:49:06][I][[RDRDBManager.getConclusionSet:1873]] Rule conclusions loading... 
[INFO], 2020-05-06 11:49:06, [2020-05-06,11:49:06][I][[RDRDBManager.getRuleStructureSet:1564]] Rule loading... 
[ERROR], 2020-05-06 11:49:06, [2020-05-06,11:49:06][E][[DeleteAttribute.deleteAttr:114]] deleted : 16_Tear drop cell_NUM 
[INFO], 2020-05-06 11:49:06, [2020-05-06,11:49:06][I][[RDRDBManager.deleteCategoricalValueByAttribute:707]] @delete categoricalValueByAttribute : domain[pbs] attr[21_Number_NUM] 
[INFO], 2020-05-06 11:49:06, [2020-05-06,11:49:06][I][[RDRDBManager.deleteCaseStructureByAttribute:655]] @delete caseStructureByAttribute : domain[pbs] attr[21_Number_NUM] 
[INFO], 2020-05-06 11:49:06, [2020-05-06,11:49:06][I][[CaseLoader.deleteAttribute:208]] attribute (21_Number_NUM) deleted successfully. 
[INFO], 2020-05-06 11:49:06, [2020-05-06,11:49:06][I][[RDRInterface.reloadDomain:248]] reloadDomain for [pbs] 
[INFO], 2020-05-06 11:49:06, [2020-05-06,11:49:06][I][[RDRDBManager.getDomainDetails:1363]] domain : pbs, 말초혈액 도말검사(Peripheral Blood Smear), MCRDR 
[INFO], 2020-05-06 11:49:06, [2020-05-06,11:49:06][I][[RDRDBManager.getCaseStructure:1420]] Case structure loading... 
[INFO], 2020-05-06 11:49:06, [2020-05-06,11:49:06][I][[RDRDBManager.getCaseStructure:1462]] CaseStructure Load from DB, cnt : 80, dup cnt : 0 
[INFO], 2020-05-06 11:49:06, [2020-05-06,11:49:06][I][[RDRDBManager.getConditionHashMap:1823]] Rule conditions loading... 
[INFO], 2020-05-06 11:49:06, [2020-05-06,11:49:06][I][[RDRDBManager.getConclusionSet:1873]] Rule conclusions loading... 
[INFO], 2020-05-06 11:49:06, [2020-05-06,11:49:06][I][[RDRDBManager.getRuleStructureSet:1564]] Rule loading... 
[ERROR], 2020-05-06 11:49:06, [2020-05-06,11:49:06][E][[DeleteAttribute.deleteAttr:114]] deleted : 21_Number_NUM 
[INFO], 2020-05-06 11:49:06, [2020-05-06,11:49:06][I][[RDRDBManager.deleteCategoricalValueByAttribute:707]] @delete categoricalValueByAttribute : domain[pbs] attr[22_Maturation_NUM] 
[INFO], 2020-05-06 11:49:06, [2020-05-06,11:49:06][I][[RDRDBManager.deleteCaseStructureByAttribute:655]] @delete caseStructureByAttribute : domain[pbs] attr[22_Maturation_NUM] 
[INFO], 2020-05-06 11:49:06, [2020-05-06,11:49:06][I][[CaseLoader.deleteAttribute:208]] attribute (22_Maturation_NUM) deleted successfully. 
[INFO], 2020-05-06 11:49:06, [2020-05-06,11:49:06][I][[RDRInterface.reloadDomain:248]] reloadDomain for [pbs] 
[INFO], 2020-05-06 11:49:06, [2020-05-06,11:49:06][I][[RDRDBManager.getDomainDetails:1363]] domain : pbs, 말초혈액 도말검사(Peripheral Blood Smear), MCRDR 
[INFO], 2020-05-06 11:49:06, [2020-05-06,11:49:06][I][[RDRDBManager.getCaseStructure:1420]] Case structure loading... 
[INFO], 2020-05-06 11:49:07, [2020-05-06,11:49:07][I][[RDRDBManager.getCaseStructure:1462]] CaseStructure Load from DB, cnt : 79, dup cnt : 0 
[INFO], 2020-05-06 11:49:07, [2020-05-06,11:49:07][I][[RDRDBManager.getConditionHashMap:1823]] Rule conditions loading... 
[INFO], 2020-05-06 11:49:07, [2020-05-06,11:49:07][I][[RDRDBManager.getConclusionSet:1873]] Rule conclusions loading... 
[INFO], 2020-05-06 11:49:07, [2020-05-06,11:49:07][I][[RDRDBManager.getRuleStructureSet:1564]] Rule loading... 
[ERROR], 2020-05-06 11:49:07, [2020-05-06,11:49:07][E][[DeleteAttribute.deleteAttr:114]] deleted : 22_Maturation_NUM 
[INFO], 2020-05-06 11:49:07, [2020-05-06,11:49:07][I][[RDRDBManager.deleteCategoricalValueByAttribute:707]] @delete categoricalValueByAttribute : domain[pbs] attr[23_Neutro-toxic changes_NUM] 
[INFO], 2020-05-06 11:49:07, [2020-05-06,11:49:07][I][[RDRDBManager.deleteCaseStructureByAttribute:655]] @delete caseStructureByAttribute : domain[pbs] attr[23_Neutro-toxic changes_NUM] 
[INFO], 2020-05-06 11:49:07, [2020-05-06,11:49:07][I][[CaseLoader.deleteAttribute:208]] attribute (23_Neutro-toxic changes_NUM) deleted successfully. 
[INFO], 2020-05-06 11:49:07, [2020-05-06,11:49:07][I][[RDRInterface.reloadDomain:248]] reloadDomain for [pbs] 
[INFO], 2020-05-06 11:49:07, [2020-05-06,11:49:07][I][[RDRDBManager.getDomainDetails:1363]] domain : pbs, 말초혈액 도말검사(Peripheral Blood Smear), MCRDR 
[INFO], 2020-05-06 11:49:07, [2020-05-06,11:49:07][I][[RDRDBManager.getCaseStructure:1420]] Case structure loading... 
[INFO], 2020-05-06 11:49:07, [2020-05-06,11:49:07][I][[RDRDBManager.getCaseStructure:1462]] CaseStructure Load from DB, cnt : 78, dup cnt : 0 
[INFO], 2020-05-06 11:49:07, [2020-05-06,11:49:07][I][[RDRDBManager.getConditionHashMap:1823]] Rule conditions loading... 
[INFO], 2020-05-06 11:49:07, [2020-05-06,11:49:07][I][[RDRDBManager.getConclusionSet:1873]] Rule conclusions loading... 
[INFO], 2020-05-06 11:49:07, [2020-05-06,11:49:07][I][[RDRDBManager.getRuleStructureSet:1564]] Rule loading... 
[ERROR], 2020-05-06 11:49:07, [2020-05-06,11:49:07][E][[DeleteAttribute.deleteAttr:114]] deleted : 23_Neutro-toxic changes_NUM 
[INFO], 2020-05-06 11:49:07, [2020-05-06,11:49:07][I][[RDRDBManager.deleteCategoricalValueByAttribute:707]] @delete categoricalValueByAttribute : domain[pbs] attr[24_Neutro-Dohle body_NUM] 
[INFO], 2020-05-06 11:49:07, [2020-05-06,11:49:07][I][[RDRDBManager.deleteCaseStructureByAttribute:655]] @delete caseStructureByAttribute : domain[pbs] attr[24_Neutro-Dohle body_NUM] 
[INFO], 2020-05-06 11:49:07, [2020-05-06,11:49:07][I][[CaseLoader.deleteAttribute:208]] attribute (24_Neutro-Dohle body_NUM) deleted successfully. 
[INFO], 2020-05-06 11:49:07, [2020-05-06,11:49:07][I][[RDRInterface.reloadDomain:248]] reloadDomain for [pbs] 
[INFO], 2020-05-06 11:49:07, [2020-05-06,11:49:07][I][[RDRDBManager.getDomainDetails:1363]] domain : pbs, 말초혈액 도말검사(Peripheral Blood Smear), MCRDR 
[INFO], 2020-05-06 11:49:07, [2020-05-06,11:49:07][I][[RDRDBManager.getCaseStructure:1420]] Case structure loading... 
[INFO], 2020-05-06 11:49:07, [2020-05-06,11:49:07][I][[RDRDBManager.getCaseStructure:1462]] CaseStructure Load from DB, cnt : 77, dup cnt : 0 
[INFO], 2020-05-06 11:49:07, [2020-05-06,11:49:07][I][[RDRDBManager.getConditionHashMap:1823]] Rule conditions loading... 
[INFO], 2020-05-06 11:49:07, [2020-05-06,11:49:07][I][[RDRDBManager.getConclusionSet:1873]] Rule conclusions loading... 
[INFO], 2020-05-06 11:49:07, [2020-05-06,11:49:07][I][[RDRDBManager.getRuleStructureSet:1564]] Rule loading... 
[ERROR], 2020-05-06 11:49:07, [2020-05-06,11:49:07][E][[DeleteAttribute.deleteAttr:114]] deleted : 24_Neutro-Dohle body_NUM 
[INFO], 2020-05-06 11:49:07, [2020-05-06,11:49:07][I][[RDRDBManager.deleteCategoricalValueByAttribute:707]] @delete categoricalValueByAttribute : domain[pbs] attr[25_Neutro-segmentation_NUM] 
[INFO], 2020-05-06 11:49:07, [2020-05-06,11:49:07][I][[RDRDBManager.deleteCaseStructureByAttribute:655]] @delete caseStructureByAttribute : domain[pbs] attr[25_Neutro-segmentation_NUM] 
[INFO], 2020-05-06 11:49:07, [2020-05-06,11:49:07][I][[CaseLoader.deleteAttribute:208]] attribute (25_Neutro-segmentation_NUM) deleted successfully. 
[INFO], 2020-05-06 11:49:07, [2020-05-06,11:49:07][I][[RDRInterface.reloadDomain:248]] reloadDomain for [pbs] 
[INFO], 2020-05-06 11:49:07, [2020-05-06,11:49:07][I][[RDRDBManager.getDomainDetails:1363]] domain : pbs, 말초혈액 도말검사(Peripheral Blood Smear), MCRDR 
[INFO], 2020-05-06 11:49:07, [2020-05-06,11:49:07][I][[RDRDBManager.getCaseStructure:1420]] Case structure loading... 
[INFO], 2020-05-06 11:49:07, [2020-05-06,11:49:07][I][[RDRDBManager.getCaseStructure:1462]] CaseStructure Load from DB, cnt : 76, dup cnt : 0 
[INFO], 2020-05-06 11:49:07, [2020-05-06,11:49:07][I][[RDRDBManager.getConditionHashMap:1823]] Rule conditions loading... 
[INFO], 2020-05-06 11:49:07, [2020-05-06,11:49:07][I][[RDRDBManager.getConclusionSet:1873]] Rule conclusions loading... 
[INFO], 2020-05-06 11:49:07, [2020-05-06,11:49:07][I][[RDRDBManager.getRuleStructureSet:1564]] Rule loading... 
[ERROR], 2020-05-06 11:49:07, [2020-05-06,11:49:07][E][[DeleteAttribute.deleteAttr:114]] deleted : 25_Neutro-segmentation_NUM 
[INFO], 2020-05-06 11:49:07, [2020-05-06,11:49:07][I][[RDRDBManager.deleteCategoricalValueByAttribute:707]] @delete categoricalValueByAttribute : domain[pbs] attr[29_Number_NUM] 
[INFO], 2020-05-06 11:49:07, [2020-05-06,11:49:07][I][[RDRDBManager.deleteCaseStructureByAttribute:655]] @delete caseStructureByAttribute : domain[pbs] attr[29_Number_NUM] 
[INFO], 2020-05-06 11:49:07, [2020-05-06,11:49:07][I][[CaseLoader.deleteAttribute:208]] attribute (29_Number_NUM) deleted successfully. 
[INFO], 2020-05-06 11:49:07, [2020-05-06,11:49:07][I][[RDRInterface.reloadDomain:248]] reloadDomain for [pbs] 
[INFO], 2020-05-06 11:49:07, [2020-05-06,11:49:07][I][[RDRDBManager.getDomainDetails:1363]] domain : pbs, 말초혈액 도말검사(Peripheral Blood Smear), MCRDR 
[INFO], 2020-05-06 11:49:07, [2020-05-06,11:49:07][I][[RDRDBManager.getCaseStructure:1420]] Case structure loading... 
[INFO], 2020-05-06 11:49:07, [2020-05-06,11:49:07][I][[RDRDBManager.getCaseStructure:1462]] CaseStructure Load from DB, cnt : 75, dup cnt : 0 
[INFO], 2020-05-06 11:49:07, [2020-05-06,11:49:07][I][[RDRDBManager.getConditionHashMap:1823]] Rule conditions loading... 
[INFO], 2020-05-06 11:49:07, [2020-05-06,11:49:07][I][[RDRDBManager.getConclusionSet:1873]] Rule conclusions loading... 
[INFO], 2020-05-06 11:49:07, [2020-05-06,11:49:07][I][[RDRDBManager.getRuleStructureSet:1564]] Rule loading... 
[ERROR], 2020-05-06 11:49:07, [2020-05-06,11:49:07][E][[DeleteAttribute.deleteAttr:114]] deleted : 29_Number_NUM 
[INFO], 2020-05-06 11:49:07, [2020-05-06,11:49:07][I][[RDRDBManager.deleteCategoricalValueByAttribute:707]] @delete categoricalValueByAttribute : domain[pbs] attr[30_Size_NUM] 
[INFO], 2020-05-06 11:49:07, [2020-05-06,11:49:07][I][[RDRDBManager.deleteCaseStructureByAttribute:655]] @delete caseStructureByAttribute : domain[pbs] attr[30_Size_NUM] 
[INFO], 2020-05-06 11:49:07, [2020-05-06,11:49:07][I][[CaseLoader.deleteAttribute:208]] attribute (30_Size_NUM) deleted successfully. 
[INFO], 2020-05-06 11:49:07, [2020-05-06,11:49:07][I][[RDRInterface.reloadDomain:248]] reloadDomain for [pbs] 
[INFO], 2020-05-06 11:49:07, [2020-05-06,11:49:07][I][[RDRDBManager.getDomainDetails:1363]] domain : pbs, 말초혈액 도말검사(Peripheral Blood Smear), MCRDR 
[INFO], 2020-05-06 11:49:07, [2020-05-06,11:49:07][I][[RDRDBManager.getCaseStructure:1420]] Case structure loading... 
[INFO], 2020-05-06 11:49:07, [2020-05-06,11:49:07][I][[RDRDBManager.getCaseStructure:1462]] CaseStructure Load from DB, cnt : 74, dup cnt : 0 
[INFO], 2020-05-06 11:49:07, [2020-05-06,11:49:07][I][[RDRDBManager.getConditionHashMap:1823]] Rule conditions loading... 
[INFO], 2020-05-06 11:49:07, [2020-05-06,11:49:07][I][[RDRDBManager.getConclusionSet:1873]] Rule conclusions loading... 
[INFO], 2020-05-06 11:49:07, [2020-05-06,11:49:07][I][[RDRDBManager.getRuleStructureSet:1564]] Rule loading... 
[ERROR], 2020-05-06 11:49:07, [2020-05-06,11:49:07][E][[DeleteAttribute.deleteAttr:114]] deleted : 30_Size_NUM 
[INFO], 2020-05-06 11:49:07, [2020-05-06,11:49:07][I][[RDRDBManager.deleteCategoricalValueByAttribute:707]] @delete categoricalValueByAttribute : domain[pbs] attr[31_Clumping_NUM] 
[INFO], 2020-05-06 11:49:07, [2020-05-06,11:49:07][I][[RDRDBManager.deleteCaseStructureByAttribute:655]] @delete caseStructureByAttribute : domain[pbs] attr[31_Clumping_NUM] 
[INFO], 2020-05-06 11:49:07, [2020-05-06,11:49:07][I][[CaseLoader.deleteAttribute:208]] attribute (31_Clumping_NUM) deleted successfully. 
[INFO], 2020-05-06 11:49:07, [2020-05-06,11:49:07][I][[RDRInterface.reloadDomain:248]] reloadDomain for [pbs] 
[INFO], 2020-05-06 11:49:07, [2020-05-06,11:49:07][I][[RDRDBManager.getDomainDetails:1363]] domain : pbs, 말초혈액 도말검사(Peripheral Blood Smear), MCRDR 
[INFO], 2020-05-06 11:49:07, [2020-05-06,11:49:07][I][[RDRDBManager.getCaseStructure:1420]] Case structure loading... 
[INFO], 2020-05-06 11:49:07, [2020-05-06,11:49:07][I][[RDRDBManager.getCaseStructure:1462]] CaseStructure Load from DB, cnt : 73, dup cnt : 0 
[INFO], 2020-05-06 11:49:07, [2020-05-06,11:49:07][I][[RDRDBManager.getConditionHashMap:1823]] Rule conditions loading... 
[INFO], 2020-05-06 11:49:07, [2020-05-06,11:49:07][I][[RDRDBManager.getConclusionSet:1873]] Rule conclusions loading... 
[INFO], 2020-05-06 11:49:07, [2020-05-06,11:49:07][I][[RDRDBManager.getRuleStructureSet:1564]] Rule loading... 
[ERROR], 2020-05-06 11:49:07, [2020-05-06,11:49:07][E][[DeleteAttribute.deleteAttr:114]] deleted : 31_Clumping_NUM 
[INFO], 2020-05-06 11:49:07, [2020-05-06,11:49:07][I][[RDRDBManager.deleteCategoricalValueByAttribute:707]] @delete categoricalValueByAttribute : domain[pbs] attr[18_Hemoglobin_NUM] 
[INFO], 2020-05-06 11:49:07, [2020-05-06,11:49:07][I][[RDRDBManager.deleteCaseStructureByAttribute:655]] @delete caseStructureByAttribute : domain[pbs] attr[18_Hemoglobin_NUM] 
[INFO], 2020-05-06 11:49:07, [2020-05-06,11:49:07][I][[CaseLoader.deleteAttribute:208]] attribute (18_Hemoglobin_NUM) deleted successfully. 
[INFO], 2020-05-06 11:49:07, [2020-05-06,11:49:07][I][[RDRInterface.reloadDomain:248]] reloadDomain for [pbs] 
[INFO], 2020-05-06 11:49:07, [2020-05-06,11:49:07][I][[RDRDBManager.getDomainDetails:1363]] domain : pbs, 말초혈액 도말검사(Peripheral Blood Smear), MCRDR 
[INFO], 2020-05-06 11:49:07, [2020-05-06,11:49:07][I][[RDRDBManager.getCaseStructure:1420]] Case structure loading... 
[INFO], 2020-05-06 11:49:07, [2020-05-06,11:49:07][I][[RDRDBManager.getCaseStructure:1462]] CaseStructure Load from DB, cnt : 72, dup cnt : 0 
[INFO], 2020-05-06 11:49:07, [2020-05-06,11:49:07][I][[RDRDBManager.getConditionHashMap:1823]] Rule conditions loading... 
[INFO], 2020-05-06 11:49:07, [2020-05-06,11:49:07][I][[RDRDBManager.getConclusionSet:1873]] Rule conclusions loading... 
[INFO], 2020-05-06 11:49:07, [2020-05-06,11:49:07][I][[RDRDBManager.getRuleStructureSet:1564]] Rule loading... 
[ERROR], 2020-05-06 11:49:07, [2020-05-06,11:49:07][E][[DeleteAttribute.deleteAttr:114]] deleted : 18_Hemoglobin_NUM 
[INFO], 2020-05-06 11:49:07, [2020-05-06,11:49:07][I][[RDRDBManager.deleteCategoricalValueByAttribute:707]] @delete categoricalValueByAttribute : domain[pbs] attr[19_RBC Agglutination_NUM] 
[INFO], 2020-05-06 11:49:07, [2020-05-06,11:49:07][I][[RDRDBManager.deleteCaseStructureByAttribute:655]] @delete caseStructureByAttribute : domain[pbs] attr[19_RBC Agglutination_NUM] 
[INFO], 2020-05-06 11:49:07, [2020-05-06,11:49:07][I][[CaseLoader.deleteAttribute:208]] attribute (19_RBC Agglutination_NUM) deleted successfully. 
[INFO], 2020-05-06 11:49:07, [2020-05-06,11:49:07][I][[RDRInterface.reloadDomain:248]] reloadDomain for [pbs] 
[INFO], 2020-05-06 11:49:07, [2020-05-06,11:49:07][I][[RDRDBManager.getDomainDetails:1363]] domain : pbs, 말초혈액 도말검사(Peripheral Blood Smear), MCRDR 
[INFO], 2020-05-06 11:49:07, [2020-05-06,11:49:07][I][[RDRDBManager.getCaseStructure:1420]] Case structure loading... 
[INFO], 2020-05-06 11:49:07, [2020-05-06,11:49:07][I][[RDRDBManager.getCaseStructure:1462]] CaseStructure Load from DB, cnt : 71, dup cnt : 0 
[INFO], 2020-05-06 11:49:07, [2020-05-06,11:49:07][I][[RDRDBManager.getConditionHashMap:1823]] Rule conditions loading... 
[INFO], 2020-05-06 11:49:07, [2020-05-06,11:49:07][I][[RDRDBManager.getConclusionSet:1873]] Rule conclusions loading... 
[INFO], 2020-05-06 11:49:07, [2020-05-06,11:49:07][I][[RDRDBManager.getRuleStructureSet:1564]] Rule loading... 
[ERROR], 2020-05-06 11:49:07, [2020-05-06,11:49:07][E][[DeleteAttribute.deleteAttr:114]] deleted : 19_RBC Agglutination_NUM 
[INFO], 2020-05-06 11:49:07, [2020-05-06,11:49:07][I][[RDRDBManager.deleteCategoricalValueByAttribute:707]] @delete categoricalValueByAttribute : domain[pbs] attr[41_Stomatocyte_NUM] 
[INFO], 2020-05-06 11:49:07, [2020-05-06,11:49:07][I][[RDRDBManager.deleteCaseStructureByAttribute:655]] @delete caseStructureByAttribute : domain[pbs] attr[41_Stomatocyte_NUM] 
[INFO], 2020-05-06 11:49:07, [2020-05-06,11:49:07][I][[CaseLoader.deleteAttribute:208]] attribute (41_Stomatocyte_NUM) deleted successfully. 
[INFO], 2020-05-06 11:49:07, [2020-05-06,11:49:07][I][[RDRInterface.reloadDomain:248]] reloadDomain for [pbs] 
[INFO], 2020-05-06 11:49:07, [2020-05-06,11:49:07][I][[RDRDBManager.getDomainDetails:1363]] domain : pbs, 말초혈액 도말검사(Peripheral Blood Smear), MCRDR 
[INFO], 2020-05-06 11:49:07, [2020-05-06,11:49:07][I][[RDRDBManager.getCaseStructure:1420]] Case structure loading... 
[INFO], 2020-05-06 11:49:07, [2020-05-06,11:49:07][I][[RDRDBManager.getCaseStructure:1462]] CaseStructure Load from DB, cnt : 70, dup cnt : 0 
[INFO], 2020-05-06 11:49:07, [2020-05-06,11:49:07][I][[RDRDBManager.getConditionHashMap:1823]] Rule conditions loading... 
[INFO], 2020-05-06 11:49:07, [2020-05-06,11:49:07][I][[RDRDBManager.getConclusionSet:1873]] Rule conclusions loading... 
[INFO], 2020-05-06 11:49:07, [2020-05-06,11:49:07][I][[RDRDBManager.getRuleStructureSet:1564]] Rule loading... 
[ERROR], 2020-05-06 11:49:07, [2020-05-06,11:49:07][E][[DeleteAttribute.deleteAttr:114]] deleted : 41_Stomatocyte_NUM 
[INFO], 2020-05-06 11:49:07, [2020-05-06,11:49:07][I][[RDRDBManager.deleteCategoricalValueByAttribute:707]] @delete categoricalValueByAttribute : domain[pbs] attr[42_Acanthocyte_NUM] 
[INFO], 2020-05-06 11:49:07, [2020-05-06,11:49:07][I][[RDRDBManager.deleteCaseStructureByAttribute:655]] @delete caseStructureByAttribute : domain[pbs] attr[42_Acanthocyte_NUM] 
[INFO], 2020-05-06 11:49:07, [2020-05-06,11:49:07][I][[CaseLoader.deleteAttribute:208]] attribute (42_Acanthocyte_NUM) deleted successfully. 
[INFO], 2020-05-06 11:49:07, [2020-05-06,11:49:07][I][[RDRInterface.reloadDomain:248]] reloadDomain for [pbs] 
[INFO], 2020-05-06 11:49:07, [2020-05-06,11:49:07][I][[RDRDBManager.getDomainDetails:1363]] domain : pbs, 말초혈액 도말검사(Peripheral Blood Smear), MCRDR 
[INFO], 2020-05-06 11:49:07, [2020-05-06,11:49:07][I][[RDRDBManager.getCaseStructure:1420]] Case structure loading... 
[INFO], 2020-05-06 11:49:07, [2020-05-06,11:49:07][I][[RDRDBManager.getCaseStructure:1462]] CaseStructure Load from DB, cnt : 69, dup cnt : 0 
[INFO], 2020-05-06 11:49:07, [2020-05-06,11:49:07][I][[RDRDBManager.getConditionHashMap:1823]] Rule conditions loading... 
[INFO], 2020-05-06 11:49:07, [2020-05-06,11:49:07][I][[RDRDBManager.getConclusionSet:1873]] Rule conclusions loading... 
[INFO], 2020-05-06 11:49:07, [2020-05-06,11:49:07][I][[RDRDBManager.getRuleStructureSet:1564]] Rule loading... 
[ERROR], 2020-05-06 11:49:07, [2020-05-06,11:49:07][E][[DeleteAttribute.deleteAttr:114]] deleted : 42_Acanthocyte_NUM 
[INFO], 2020-05-06 11:49:07, [2020-05-06,11:49:07][I][[RDRDBManager.deleteCategoricalValueByAttribute:707]] @delete categoricalValueByAttribute : domain[pbs] attr[43_Malaria_NUM] 
[INFO], 2020-05-06 11:49:07, [2020-05-06,11:49:07][I][[RDRDBManager.deleteCaseStructureByAttribute:655]] @delete caseStructureByAttribute : domain[pbs] attr[43_Malaria_NUM] 
[INFO], 2020-05-06 11:49:07, [2020-05-06,11:49:07][I][[CaseLoader.deleteAttribute:208]] attribute (43_Malaria_NUM) deleted successfully. 
[INFO], 2020-05-06 11:49:07, [2020-05-06,11:49:07][I][[RDRInterface.reloadDomain:248]] reloadDomain for [pbs] 
[INFO], 2020-05-06 11:49:07, [2020-05-06,11:49:07][I][[RDRDBManager.getDomainDetails:1363]] domain : pbs, 말초혈액 도말검사(Peripheral Blood Smear), MCRDR 
[INFO], 2020-05-06 11:49:07, [2020-05-06,11:49:07][I][[RDRDBManager.getCaseStructure:1420]] Case structure loading... 
[INFO], 2020-05-06 11:49:08, [2020-05-06,11:49:08][I][[RDRDBManager.getCaseStructure:1462]] CaseStructure Load from DB, cnt : 68, dup cnt : 0 
[INFO], 2020-05-06 11:49:08, [2020-05-06,11:49:08][I][[RDRDBManager.getConditionHashMap:1823]] Rule conditions loading... 
[INFO], 2020-05-06 11:49:08, [2020-05-06,11:49:08][I][[RDRDBManager.getConclusionSet:1873]] Rule conclusions loading... 
[INFO], 2020-05-06 11:49:08, [2020-05-06,11:49:08][I][[RDRDBManager.getRuleStructureSet:1564]] Rule loading... 
[ERROR], 2020-05-06 11:49:08, [2020-05-06,11:49:08][E][[DeleteAttribute.deleteAttr:114]] deleted : 43_Malaria_NUM 
[INFO], 2020-05-06 11:49:08, [2020-05-06,11:49:08][I][[RDRDBManager.deleteCategoricalValueByAttribute:707]] @delete categoricalValueByAttribute : domain[pbs] attr[44_RBC others_NUM] 
[INFO], 2020-05-06 11:49:08, [2020-05-06,11:49:08][I][[RDRDBManager.deleteCaseStructureByAttribute:655]] @delete caseStructureByAttribute : domain[pbs] attr[44_RBC others_NUM] 
[INFO], 2020-05-06 11:49:08, [2020-05-06,11:49:08][I][[CaseLoader.deleteAttribute:208]] attribute (44_RBC others_NUM) deleted successfully. 
[INFO], 2020-05-06 11:49:08, [2020-05-06,11:49:08][I][[RDRInterface.reloadDomain:248]] reloadDomain for [pbs] 
[INFO], 2020-05-06 11:49:08, [2020-05-06,11:49:08][I][[RDRDBManager.getDomainDetails:1363]] domain : pbs, 말초혈액 도말검사(Peripheral Blood Smear), MCRDR 
[INFO], 2020-05-06 11:49:08, [2020-05-06,11:49:08][I][[RDRDBManager.getCaseStructure:1420]] Case structure loading... 
[INFO], 2020-05-06 11:49:08, [2020-05-06,11:49:08][I][[RDRDBManager.getCaseStructure:1462]] CaseStructure Load from DB, cnt : 67, dup cnt : 0 
[INFO], 2020-05-06 11:49:08, [2020-05-06,11:49:08][I][[RDRDBManager.getConditionHashMap:1823]] Rule conditions loading... 
[INFO], 2020-05-06 11:49:08, [2020-05-06,11:49:08][I][[RDRDBManager.getConclusionSet:1873]] Rule conclusions loading... 
[INFO], 2020-05-06 11:49:08, [2020-05-06,11:49:08][I][[RDRDBManager.getRuleStructureSet:1564]] Rule loading... 
[ERROR], 2020-05-06 11:49:08, [2020-05-06,11:49:08][E][[DeleteAttribute.deleteAttr:114]] deleted : 44_RBC others_NUM 
[INFO], 2020-05-06 11:49:08, [2020-05-06,11:49:08][I][[RDRDBManager.deleteCategoricalValueByAttribute:707]] @delete categoricalValueByAttribute : domain[pbs] attr[51_Neutrophil_NUM] 
[INFO], 2020-05-06 11:49:08, [2020-05-06,11:49:08][I][[RDRDBManager.deleteCaseStructureByAttribute:655]] @delete caseStructureByAttribute : domain[pbs] attr[51_Neutrophil_NUM] 
[INFO], 2020-05-06 11:49:08, [2020-05-06,11:49:08][I][[CaseLoader.deleteAttribute:208]] attribute (51_Neutrophil_NUM) deleted successfully. 
[INFO], 2020-05-06 11:49:08, [2020-05-06,11:49:08][I][[RDRInterface.reloadDomain:248]] reloadDomain for [pbs] 
[INFO], 2020-05-06 11:49:08, [2020-05-06,11:49:08][I][[RDRDBManager.getDomainDetails:1363]] domain : pbs, 말초혈액 도말검사(Peripheral Blood Smear), MCRDR 
[INFO], 2020-05-06 11:49:08, [2020-05-06,11:49:08][I][[RDRDBManager.getCaseStructure:1420]] Case structure loading... 
[INFO], 2020-05-06 11:49:08, [2020-05-06,11:49:08][I][[RDRDBManager.getCaseStructure:1462]] CaseStructure Load from DB, cnt : 66, dup cnt : 0 
[INFO], 2020-05-06 11:49:08, [2020-05-06,11:49:08][I][[RDRDBManager.getConditionHashMap:1823]] Rule conditions loading... 
[INFO], 2020-05-06 11:49:08, [2020-05-06,11:49:08][I][[RDRDBManager.getConclusionSet:1873]] Rule conclusions loading... 
[INFO], 2020-05-06 11:49:08, [2020-05-06,11:49:08][I][[RDRDBManager.getRuleStructureSet:1564]] Rule loading... 
[ERROR], 2020-05-06 11:49:08, [2020-05-06,11:49:08][E][[DeleteAttribute.deleteAttr:114]] deleted : 51_Neutrophil_NUM 
[INFO], 2020-05-06 11:49:08, [2020-05-06,11:49:08][I][[RDRDBManager.deleteCategoricalValueByAttribute:707]] @delete categoricalValueByAttribute : domain[pbs] attr[53_Lymphocyte_NUM] 
[INFO], 2020-05-06 11:49:08, [2020-05-06,11:49:08][I][[RDRDBManager.deleteCaseStructureByAttribute:655]] @delete caseStructureByAttribute : domain[pbs] attr[53_Lymphocyte_NUM] 
[INFO], 2020-05-06 11:49:08, [2020-05-06,11:49:08][I][[CaseLoader.deleteAttribute:208]] attribute (53_Lymphocyte_NUM) deleted successfully. 
[INFO], 2020-05-06 11:49:08, [2020-05-06,11:49:08][I][[RDRInterface.reloadDomain:248]] reloadDomain for [pbs] 
[INFO], 2020-05-06 11:49:08, [2020-05-06,11:49:08][I][[RDRDBManager.getDomainDetails:1363]] domain : pbs, 말초혈액 도말검사(Peripheral Blood Smear), MCRDR 
[INFO], 2020-05-06 11:49:08, [2020-05-06,11:49:08][I][[RDRDBManager.getCaseStructure:1420]] Case structure loading... 
[INFO], 2020-05-06 11:49:08, [2020-05-06,11:49:08][I][[RDRDBManager.getCaseStructure:1462]] CaseStructure Load from DB, cnt : 65, dup cnt : 0 
[INFO], 2020-05-06 11:49:08, [2020-05-06,11:49:08][I][[RDRDBManager.getConditionHashMap:1823]] Rule conditions loading... 
[INFO], 2020-05-06 11:49:08, [2020-05-06,11:49:08][I][[RDRDBManager.getConclusionSet:1873]] Rule conclusions loading... 
[INFO], 2020-05-06 11:49:08, [2020-05-06,11:49:08][I][[RDRDBManager.getRuleStructureSet:1564]] Rule loading... 
[ERROR], 2020-05-06 11:49:08, [2020-05-06,11:49:08][E][[DeleteAttribute.deleteAttr:114]] deleted : 53_Lymphocyte_NUM 
[INFO], 2020-05-06 11:49:08, [2020-05-06,11:49:08][I][[RDRDBManager.deleteCategoricalValueByAttribute:707]] @delete categoricalValueByAttribute : domain[pbs] attr[55_Monocyte_NUM] 
[INFO], 2020-05-06 11:49:08, [2020-05-06,11:49:08][I][[RDRDBManager.deleteCaseStructureByAttribute:655]] @delete caseStructureByAttribute : domain[pbs] attr[55_Monocyte_NUM] 
[INFO], 2020-05-06 11:49:08, [2020-05-06,11:49:08][I][[CaseLoader.deleteAttribute:208]] attribute (55_Monocyte_NUM) deleted successfully. 
[INFO], 2020-05-06 11:49:08, [2020-05-06,11:49:08][I][[RDRInterface.reloadDomain:248]] reloadDomain for [pbs] 
[INFO], 2020-05-06 11:49:08, [2020-05-06,11:49:08][I][[RDRDBManager.getDomainDetails:1363]] domain : pbs, 말초혈액 도말검사(Peripheral Blood Smear), MCRDR 
[INFO], 2020-05-06 11:49:08, [2020-05-06,11:49:08][I][[RDRDBManager.getCaseStructure:1420]] Case structure loading... 
[INFO], 2020-05-06 11:49:08, [2020-05-06,11:49:08][I][[RDRDBManager.getCaseStructure:1462]] CaseStructure Load from DB, cnt : 64, dup cnt : 0 
[INFO], 2020-05-06 11:49:08, [2020-05-06,11:49:08][I][[RDRDBManager.getConditionHashMap:1823]] Rule conditions loading... 
[INFO], 2020-05-06 11:49:08, [2020-05-06,11:49:08][I][[RDRDBManager.getConclusionSet:1873]] Rule conclusions loading... 
[INFO], 2020-05-06 11:49:08, [2020-05-06,11:49:08][I][[RDRDBManager.getRuleStructureSet:1564]] Rule loading... 
[ERROR], 2020-05-06 11:49:08, [2020-05-06,11:49:08][E][[DeleteAttribute.deleteAttr:114]] deleted : 55_Monocyte_NUM 
[INFO], 2020-05-06 11:49:08, [2020-05-06,11:49:08][I][[RDRDBManager.deleteCategoricalValueByAttribute:707]] @delete categoricalValueByAttribute : domain[pbs] attr[56_Eosinophil_NUM] 
[INFO], 2020-05-06 11:49:08, [2020-05-06,11:49:08][I][[RDRDBManager.deleteCaseStructureByAttribute:655]] @delete caseStructureByAttribute : domain[pbs] attr[56_Eosinophil_NUM] 
[INFO], 2020-05-06 11:49:08, [2020-05-06,11:49:08][I][[CaseLoader.deleteAttribute:208]] attribute (56_Eosinophil_NUM) deleted successfully. 
[INFO], 2020-05-06 11:49:08, [2020-05-06,11:49:08][I][[RDRInterface.reloadDomain:248]] reloadDomain for [pbs] 
[INFO], 2020-05-06 11:49:08, [2020-05-06,11:49:08][I][[RDRDBManager.getDomainDetails:1363]] domain : pbs, 말초혈액 도말검사(Peripheral Blood Smear), MCRDR 
[INFO], 2020-05-06 11:49:08, [2020-05-06,11:49:08][I][[RDRDBManager.getCaseStructure:1420]] Case structure loading... 
[INFO], 2020-05-06 11:49:08, [2020-05-06,11:49:08][I][[RDRDBManager.getCaseStructure:1462]] CaseStructure Load from DB, cnt : 63, dup cnt : 0 
[INFO], 2020-05-06 11:49:08, [2020-05-06,11:49:08][I][[RDRDBManager.getConditionHashMap:1823]] Rule conditions loading... 
[INFO], 2020-05-06 11:49:08, [2020-05-06,11:49:08][I][[RDRDBManager.getConclusionSet:1873]] Rule conclusions loading... 
[INFO], 2020-05-06 11:49:08, [2020-05-06,11:49:08][I][[RDRDBManager.getRuleStructureSet:1564]] Rule loading... 
[ERROR], 2020-05-06 11:49:08, [2020-05-06,11:49:08][E][[DeleteAttribute.deleteAttr:114]] deleted : 56_Eosinophil_NUM 
[INFO], 2020-05-06 11:49:08, [2020-05-06,11:49:08][I][[RDRDBManager.deleteCategoricalValueByAttribute:707]] @delete categoricalValueByAttribute : domain[pbs] attr[57_Basophil_NUM] 
[INFO], 2020-05-06 11:49:08, [2020-05-06,11:49:08][I][[RDRDBManager.deleteCaseStructureByAttribute:655]] @delete caseStructureByAttribute : domain[pbs] attr[57_Basophil_NUM] 
[INFO], 2020-05-06 11:49:08, [2020-05-06,11:49:08][I][[CaseLoader.deleteAttribute:208]] attribute (57_Basophil_NUM) deleted successfully. 
[INFO], 2020-05-06 11:49:08, [2020-05-06,11:49:08][I][[RDRInterface.reloadDomain:248]] reloadDomain for [pbs] 
[INFO], 2020-05-06 11:49:08, [2020-05-06,11:49:08][I][[RDRDBManager.getDomainDetails:1363]] domain : pbs, 말초혈액 도말검사(Peripheral Blood Smear), MCRDR 
[INFO], 2020-05-06 11:49:08, [2020-05-06,11:49:08][I][[RDRDBManager.getCaseStructure:1420]] Case structure loading... 
[INFO], 2020-05-06 11:49:08, [2020-05-06,11:49:08][I][[RDRDBManager.getCaseStructure:1462]] CaseStructure Load from DB, cnt : 62, dup cnt : 0 
[INFO], 2020-05-06 11:49:08, [2020-05-06,11:49:08][I][[RDRDBManager.getConditionHashMap:1823]] Rule conditions loading... 
[INFO], 2020-05-06 11:49:08, [2020-05-06,11:49:08][I][[RDRDBManager.getConclusionSet:1873]] Rule conclusions loading... 
[INFO], 2020-05-06 11:49:08, [2020-05-06,11:49:08][I][[RDRDBManager.getRuleStructureSet:1564]] Rule loading... 
[ERROR], 2020-05-06 11:49:08, [2020-05-06,11:49:08][E][[DeleteAttribute.deleteAttr:114]] deleted : 57_Basophil_NUM 
[INFO], 2020-05-06 11:49:08, [2020-05-06,11:49:08][I][[RDRDBManager.deleteCategoricalValueByAttribute:707]] @delete categoricalValueByAttribute : domain[pbs] attr[65_WBC Others_NUM] 
[INFO], 2020-05-06 11:49:08, [2020-05-06,11:49:08][I][[RDRDBManager.deleteCaseStructureByAttribute:655]] @delete caseStructureByAttribute : domain[pbs] attr[65_WBC Others_NUM] 
[INFO], 2020-05-06 11:49:08, [2020-05-06,11:49:08][I][[CaseLoader.deleteAttribute:208]] attribute (65_WBC Others_NUM) deleted successfully. 
[INFO], 2020-05-06 11:49:08, [2020-05-06,11:49:08][I][[RDRInterface.reloadDomain:248]] reloadDomain for [pbs] 
[INFO], 2020-05-06 11:49:08, [2020-05-06,11:49:08][I][[RDRDBManager.getDomainDetails:1363]] domain : pbs, 말초혈액 도말검사(Peripheral Blood Smear), MCRDR 
[INFO], 2020-05-06 11:49:08, [2020-05-06,11:49:08][I][[RDRDBManager.getCaseStructure:1420]] Case structure loading... 
[INFO], 2020-05-06 11:49:08, [2020-05-06,11:49:08][I][[RDRDBManager.getCaseStructure:1462]] CaseStructure Load from DB, cnt : 61, dup cnt : 0 
[INFO], 2020-05-06 11:49:08, [2020-05-06,11:49:08][I][[RDRDBManager.getConditionHashMap:1823]] Rule conditions loading... 
[INFO], 2020-05-06 11:49:08, [2020-05-06,11:49:08][I][[RDRDBManager.getConclusionSet:1873]] Rule conclusions loading... 
[INFO], 2020-05-06 11:49:08, [2020-05-06,11:49:08][I][[RDRDBManager.getRuleStructureSet:1564]] Rule loading... 
[ERROR], 2020-05-06 11:49:08, [2020-05-06,11:49:08][E][[DeleteAttribute.deleteAttr:114]] deleted : 65_WBC Others_NUM 
[INFO], 2020-05-06 11:49:08, [2020-05-06,11:49:08][I][[RDRDBManager.deleteCategoricalValueByAttribute:707]] @delete categoricalValueByAttribute : domain[pbs] attr[71_PLT Others_NUM] 
[INFO], 2020-05-06 11:49:08, [2020-05-06,11:49:08][I][[RDRDBManager.deleteCaseStructureByAttribute:655]] @delete caseStructureByAttribute : domain[pbs] attr[71_PLT Others_NUM] 
[INFO], 2020-05-06 11:49:08, [2020-05-06,11:49:08][I][[CaseLoader.deleteAttribute:208]] attribute (71_PLT Others_NUM) deleted successfully. 
[INFO], 2020-05-06 11:49:08, [2020-05-06,11:49:08][I][[RDRInterface.reloadDomain:248]] reloadDomain for [pbs] 
[INFO], 2020-05-06 11:49:08, [2020-05-06,11:49:08][I][[RDRDBManager.getDomainDetails:1363]] domain : pbs, 말초혈액 도말검사(Peripheral Blood Smear), MCRDR 
[INFO], 2020-05-06 11:49:08, [2020-05-06,11:49:08][I][[RDRDBManager.getCaseStructure:1420]] Case structure loading... 
[INFO], 2020-05-06 11:49:08, [2020-05-06,11:49:08][I][[RDRDBManager.getCaseStructure:1462]] CaseStructure Load from DB, cnt : 60, dup cnt : 0 
[INFO], 2020-05-06 11:49:08, [2020-05-06,11:49:08][I][[RDRDBManager.getConditionHashMap:1823]] Rule conditions loading... 
[INFO], 2020-05-06 11:49:08, [2020-05-06,11:49:08][I][[RDRDBManager.getConclusionSet:1873]] Rule conclusions loading... 
[INFO], 2020-05-06 11:49:08, [2020-05-06,11:49:08][I][[RDRDBManager.getRuleStructureSet:1564]] Rule loading... 
[ERROR], 2020-05-06 11:49:08, [2020-05-06,11:49:08][E][[DeleteAttribute.deleteAttr:114]] deleted : 71_PLT Others_NUM 
[INFO], 2020-05-06 11:49:08, [2020-05-06,11:49:08][I][[RDRDBManager.deleteCategoricalValueByAttribute:707]] @delete categoricalValueByAttribute : domain[pbs] attr[91_Cell degeneration_NUM] 
[INFO], 2020-05-06 11:49:08, [2020-05-06,11:49:08][I][[RDRDBManager.deleteCaseStructureByAttribute:655]] @delete caseStructureByAttribute : domain[pbs] attr[91_Cell degeneration_NUM] 
[INFO], 2020-05-06 11:49:08, [2020-05-06,11:49:08][I][[CaseLoader.deleteAttribute:208]] attribute (91_Cell degeneration_NUM) deleted successfully. 
[INFO], 2020-05-06 11:49:08, [2020-05-06,11:49:08][I][[RDRInterface.reloadDomain:248]] reloadDomain for [pbs] 
[INFO], 2020-05-06 11:49:08, [2020-05-06,11:49:08][I][[RDRDBManager.getDomainDetails:1363]] domain : pbs, 말초혈액 도말검사(Peripheral Blood Smear), MCRDR 
[INFO], 2020-05-06 11:49:08, [2020-05-06,11:49:08][I][[RDRDBManager.getCaseStructure:1420]] Case structure loading... 
[INFO], 2020-05-06 11:49:08, [2020-05-06,11:49:08][I][[RDRDBManager.getCaseStructure:1462]] CaseStructure Load from DB, cnt : 59, dup cnt : 0 
[INFO], 2020-05-06 11:49:08, [2020-05-06,11:49:08][I][[RDRDBManager.getConditionHashMap:1823]] Rule conditions loading... 
[INFO], 2020-05-06 11:49:08, [2020-05-06,11:49:08][I][[RDRDBManager.getConclusionSet:1873]] Rule conclusions loading... 
[INFO], 2020-05-06 11:49:08, [2020-05-06,11:49:08][I][[RDRDBManager.getRuleStructureSet:1564]] Rule loading... 
[ERROR], 2020-05-06 11:49:08, [2020-05-06,11:49:08][E][[DeleteAttribute.deleteAttr:114]] deleted : 91_Cell degeneration_NUM 
[INFO], 2020-05-06 11:49:08, [2020-05-06,11:49:08][I][[RDRDBManager.deleteCategoricalValueByAttribute:707]] @delete categoricalValueByAttribute : domain[pbs] attr[92_Partial clot_NUM] 
[INFO], 2020-05-06 11:49:08, [2020-05-06,11:49:08][I][[RDRDBManager.deleteCaseStructureByAttribute:655]] @delete caseStructureByAttribute : domain[pbs] attr[92_Partial clot_NUM] 
[INFO], 2020-05-06 11:49:08, [2020-05-06,11:49:08][I][[CaseLoader.deleteAttribute:208]] attribute (92_Partial clot_NUM) deleted successfully. 
[INFO], 2020-05-06 11:49:08, [2020-05-06,11:49:08][I][[RDRInterface.reloadDomain:248]] reloadDomain for [pbs] 
[INFO], 2020-05-06 11:49:08, [2020-05-06,11:49:08][I][[RDRDBManager.getDomainDetails:1363]] domain : pbs, 말초혈액 도말검사(Peripheral Blood Smear), MCRDR 
[INFO], 2020-05-06 11:49:08, [2020-05-06,11:49:08][I][[RDRDBManager.getCaseStructure:1420]] Case structure loading... 
[INFO], 2020-05-06 11:49:08, [2020-05-06,11:49:08][I][[RDRDBManager.getCaseStructure:1462]] CaseStructure Load from DB, cnt : 58, dup cnt : 0 
[INFO], 2020-05-06 11:49:08, [2020-05-06,11:49:08][I][[RDRDBManager.getConditionHashMap:1823]] Rule conditions loading... 
[INFO], 2020-05-06 11:49:08, [2020-05-06,11:49:08][I][[RDRDBManager.getConclusionSet:1873]] Rule conclusions loading... 
[INFO], 2020-05-06 11:49:08, [2020-05-06,11:49:08][I][[RDRDBManager.getRuleStructureSet:1564]] Rule loading... 
[ERROR], 2020-05-06 11:49:08, [2020-05-06,11:49:08][E][[DeleteAttribute.deleteAttr:114]] deleted : 92_Partial clot_NUM 
[INFO], 2020-05-06 11:49:08, [2020-05-06,11:49:08][I][[DeleteAttribute.deleteAttr:129]] [38/38] deleted 
[INFO], 2020-05-06 11:49:08, [2020-05-06,11:49:08][I][[DeleteAttribute.main:42]] finished successfully 
