[INFO], 2019-10-31 11:32:58, [2019-10-31,11:32:58][I][[RDRConfig.print:185]] CfgFile : rdr-ep.cfg 
[INFO], 2019-10-31 11:32:58, [2019-10-31,11:32:58][I][[RDRConfig.print:186]]  databaseType : mysql 
[INFO], 2019-10-31 11:32:58, [2019-10-31,11:32:58][I][[RDRConfig.print:187]]  sqliteFile : [ekp_biopsy_stomach.db, null] 
[INFO], 2019-10-31 11:32:58, [2019-10-31,11:32:58][I][[RDRConfig.print:188]]  databaseDriver : com.mysql.jdbc.Driver 
[INFO], 2019-10-31 11:32:58, [2019-10-31,11:32:58][I][[RDRConfig.print:189]]  dbURL : jdbc:mysql://localhost:3306/ 
[INFO], 2019-10-31 11:32:58, [2019-10-31,11:32:58][I][[RDRConfig.print:190]]  useUnicode : yes 
[INFO], 2019-10-31 11:32:58, [2019-10-31,11:32:58][I][[RDRConfig.print:191]]  characterEncoding : UTF-8 
[INFO], 2019-10-31 11:32:58, [2019-10-31,11:32:58][I][[RDRConfig.print:192]]  databaseName : [rdrkb_ep, smf_ep] 
[INFO], 2019-10-31 11:32:58, [2019-10-31,11:32:58][I][[RDRConfig.print:193]]  user : root 
[INFO], 2019-10-31 11:32:58, [2019-10-31,11:32:58][I][[RDRConfig.print:194]]  password : root 
[INFO], 2019-10-31 11:32:58, [2019-10-31,11:32:58][I][[RDRConfig.print:195]]  rootPath   : c:\Dev\eclipse_ws\rdr-general-web\src\main\webapp\WEB-INF\cfg\\ 
[INFO], 2019-10-31 11:32:58, [2019-10-31,11:32:58][I][[RDRConfig.print:196]]  domainPath : c:\Dev\eclipse_ws\rdr-general-web\src\main\webapp\WEB-INF\cfg\\rdr-ep\domain\ 
[INFO], 2019-10-31 11:32:58, [2019-10-31,11:32:58][I][[RDRConfig.print:197]]  sqlPath    : c:\Dev\eclipse_ws\rdr-general-web\src\main\webapp\WEB-INF\cfg\\sql\ 
[INFO], 2019-10-31 11:32:58, [2019-10-31,11:32:58][I][[RDRConfig.print:198]]  logPath    : c:\Dev\eclipse_ws\rdr-general-web\src\main\webapp\WEB-INF\cfg\\rdr-ep\log\ 
[INFO], 2019-10-31 11:32:58, [2019-10-31,11:32:58][I][[RDRConfig.print:199]]  arffFile   : c:\Dev\eclipse_ws\rdr-general-web\src\main\webapp\WEB-INF\cfg\\rdr-ep\domain\cases\rdrkb_ep.arff 
[INFO], 2019-10-31 11:32:58, [2019-10-31,11:32:58][I][[RDRConfig.print:200]]  testArffFile : c:\Dev\eclipse_ws\rdr-general-web\src\main\webapp\WEB-INF\cfg\\rdr-ep\domain\cases\rdrkb_eptesting.arff 
[INFO], 2019-10-31 11:32:58, [2019-10-31,11:32:58][I][[RDRConfig.print:207]]  nullValues : [(na)] [(NA)] [(null)] [(NULL)]  
[INFO], 2019-10-31 11:32:58, [2019-10-31,11:32:58][I][[RDRConfig.print:209]] rangeRatio : 10.0 
[INFO], 2019-10-31 11:32:58, [2019-10-31,11:32:58][I][[RDRConfig.print:210]] strictValidationSCRDR : N 
[INFO], 2019-10-31 11:32:58, [2019-10-31,11:32:58][I][[RDRConfig.print:211]] debug_inputCase : N 
[INFO], 2019-10-31 11:32:58, [2019-10-31,11:32:58][I][[RDRConfig.print:212]] debug_reqeust : Y 
[INFO], 2019-10-31 11:32:58, [2019-10-31,11:32:58][I][[RDRConfig.print:213]] debug_inference : N 
[INFO], 2019-10-31 11:32:58, [2019-10-31,11:32:58][I][[RDRConfig.print:214]] debug_sql : N 
[INFO], 2019-10-31 11:32:58, [2019-10-31,11:32:58][I][[MakeDAO.getDefaultConnection:90]] default connection created.... 
[INFO], 2019-10-31 11:32:58, [2019-10-31,11:32:58][I][[MakeDAO.getDefaultConnection:91]] DB : jdbc:mysql://localhost:3306/rdrkb_ep?useUnicode=yes&characterEncoding=UTF-8&autoReconnect=true&useSSL=false 
[INFO], 2019-10-31 11:32:58, [2019-10-31,11:32:58][I][[MysqlConnection.connect:30]] Opened database successfully, MysqlConnection 
[INFO], 2019-10-31 11:32:58, [2019-10-31,11:32:58][I][[MakeDAO.getDefaultConnection:90]] default connection created.... 
[INFO], 2019-10-31 11:32:58, [2019-10-31,11:32:58][I][[MakeDAO.getDefaultConnection:91]] DB : jdbc:mysql://localhost:3306/rdrkb_ep?useUnicode=yes&characterEncoding=UTF-8&autoReconnect=true&useSSL=false 
[INFO], 2019-10-31 11:32:58, [2019-10-31,11:32:58][I][[MysqlConnection.connect:30]] Opened database successfully, MysqlConnection 
[INFO], 2019-10-31 11:32:58, [2019-10-31,11:32:58][I][[RDRInterface.initializeDomain:175]] Engine initailize, domain : special_immunology 
[INFO], 2019-10-31 11:32:58, [2019-10-31,11:32:58][I][[RDRDBManager.getDomainDetails:1363]] domain : special_immunology, 특수면역학 전기영동검사, SCRDR 
[INFO], 2019-10-31 11:32:58, [2019-10-31,11:32:58][I][[RDRDBManager.getCaseStructure:1420]] Case structure loading... 
[INFO], 2019-10-31 11:32:58, [2019-10-31,11:32:58][I][[RDRDBManager.getCaseStructure:1462]] CaseStructure Load from DB, cnt : 33, dup cnt : 0 
[INFO], 2019-10-31 11:32:58, [2019-10-31,11:32:58][I][[RDRDBManager.getConditionHashMap:1820]] Rule conditions loading... 
[INFO], 2019-10-31 11:32:58, [2019-10-31,11:32:58][I][[RDRDBManager.getConclusionSet:1870]] Rule conclusions loading... 
[INFO], 2019-10-31 11:32:58, [2019-10-31,11:32:58][I][[RDRDBManager.getRuleStructureSet:1564]] Rule loading... 
[INFO], 2019-10-31 11:33:05, [2019-10-31,11:33:05][I][[RDRConfig.print:185]] CfgFile : rdr-ep.cfg 
[INFO], 2019-10-31 11:33:05, [2019-10-31,11:33:05][I][[RDRConfig.print:186]]  databaseType : mysql 
[INFO], 2019-10-31 11:33:05, [2019-10-31,11:33:05][I][[RDRConfig.print:187]]  sqliteFile : [ekp_biopsy_stomach.db, null] 
[INFO], 2019-10-31 11:33:05, [2019-10-31,11:33:05][I][[RDRConfig.print:188]]  databaseDriver : com.mysql.jdbc.Driver 
[INFO], 2019-10-31 11:33:05, [2019-10-31,11:33:05][I][[RDRConfig.print:189]]  dbURL : jdbc:mysql://localhost:3306/ 
[INFO], 2019-10-31 11:33:05, [2019-10-31,11:33:05][I][[RDRConfig.print:190]]  useUnicode : yes 
[INFO], 2019-10-31 11:33:05, [2019-10-31,11:33:05][I][[RDRConfig.print:191]]  characterEncoding : UTF-8 
[INFO], 2019-10-31 11:33:05, [2019-10-31,11:33:05][I][[RDRConfig.print:192]]  databaseName : [rdrkb_ep, smf_ep] 
[INFO], 2019-10-31 11:33:05, [2019-10-31,11:33:05][I][[RDRConfig.print:193]]  user : root 
[INFO], 2019-10-31 11:33:05, [2019-10-31,11:33:05][I][[RDRConfig.print:194]]  password : root 
[INFO], 2019-10-31 11:33:05, [2019-10-31,11:33:05][I][[RDRConfig.print:195]]  rootPath   : c:\Dev\eclipse_ws\rdr-general-web\src\main\webapp\WEB-INF\cfg\\ 
[INFO], 2019-10-31 11:33:05, [2019-10-31,11:33:05][I][[RDRConfig.print:196]]  domainPath : c:\Dev\eclipse_ws\rdr-general-web\src\main\webapp\WEB-INF\cfg\\rdr-ep\domain\ 
[INFO], 2019-10-31 11:33:05, [2019-10-31,11:33:05][I][[RDRConfig.print:197]]  sqlPath    : c:\Dev\eclipse_ws\rdr-general-web\src\main\webapp\WEB-INF\cfg\\sql\ 
[INFO], 2019-10-31 11:33:05, [2019-10-31,11:33:05][I][[RDRConfig.print:198]]  logPath    : c:\Dev\eclipse_ws\rdr-general-web\src\main\webapp\WEB-INF\cfg\\rdr-ep\log\ 
[INFO], 2019-10-31 11:33:05, [2019-10-31,11:33:05][I][[RDRConfig.print:199]]  arffFile   : c:\Dev\eclipse_ws\rdr-general-web\src\main\webapp\WEB-INF\cfg\\rdr-ep\domain\cases\rdrkb_ep.arff 
[INFO], 2019-10-31 11:33:05, [2019-10-31,11:33:05][I][[RDRConfig.print:200]]  testArffFile : c:\Dev\eclipse_ws\rdr-general-web\src\main\webapp\WEB-INF\cfg\\rdr-ep\domain\cases\rdrkb_eptesting.arff 
[INFO], 2019-10-31 11:33:05, [2019-10-31,11:33:05][I][[RDRConfig.print:207]]  nullValues : [(na)] [(NA)] [(null)] [(NULL)]  
[INFO], 2019-10-31 11:33:05, [2019-10-31,11:33:05][I][[RDRConfig.print:209]] rangeRatio : 10.0 
[INFO], 2019-10-31 11:33:05, [2019-10-31,11:33:05][I][[RDRConfig.print:210]] strictValidationSCRDR : N 
[INFO], 2019-10-31 11:33:05, [2019-10-31,11:33:05][I][[RDRConfig.print:211]] debug_inputCase : N 
[INFO], 2019-10-31 11:33:05, [2019-10-31,11:33:05][I][[RDRConfig.print:212]] debug_reqeust : Y 
[INFO], 2019-10-31 11:33:05, [2019-10-31,11:33:05][I][[RDRConfig.print:213]] debug_inference : N 
[INFO], 2019-10-31 11:33:05, [2019-10-31,11:33:05][I][[RDRConfig.print:214]] debug_sql : N 
[INFO], 2019-10-31 11:33:05, [2019-10-31,11:33:05][I][[MakeDAO.getDefaultConnection:90]] default connection created.... 
[INFO], 2019-10-31 11:33:05, [2019-10-31,11:33:05][I][[MakeDAO.getDefaultConnection:91]] DB : jdbc:mysql://localhost:3306/rdrkb_ep?useUnicode=yes&characterEncoding=UTF-8&autoReconnect=true&useSSL=false 
[INFO], 2019-10-31 11:33:05, [2019-10-31,11:33:05][I][[MysqlConnection.connect:30]] Opened database successfully, MysqlConnection 
[INFO], 2019-10-31 11:33:05, [2019-10-31,11:33:05][I][[MakeDAO.getDefaultConnection:90]] default connection created.... 
[INFO], 2019-10-31 11:33:05, [2019-10-31,11:33:05][I][[MakeDAO.getDefaultConnection:91]] DB : jdbc:mysql://localhost:3306/rdrkb_ep?useUnicode=yes&characterEncoding=UTF-8&autoReconnect=true&useSSL=false 
[INFO], 2019-10-31 11:33:05, [2019-10-31,11:33:05][I][[MysqlConnection.connect:30]] Opened database successfully, MysqlConnection 
[INFO], 2019-10-31 11:33:05, [2019-10-31,11:33:05][I][[RDRInterface.initializeDomain:175]] Engine initailize, domain : special_immunology 
[INFO], 2019-10-31 11:33:05, [2019-10-31,11:33:05][I][[RDRDBManager.getDomainDetails:1363]] domain : special_immunology, 특수면역학 전기영동검사, SCRDR 
[INFO], 2019-10-31 11:33:05, [2019-10-31,11:33:05][I][[RDRDBManager.getCaseStructure:1420]] Case structure loading... 
[INFO], 2019-10-31 11:33:05, [2019-10-31,11:33:05][I][[RDRDBManager.getCaseStructure:1462]] CaseStructure Load from DB, cnt : 33, dup cnt : 0 
[INFO], 2019-10-31 11:33:05, [2019-10-31,11:33:05][I][[RDRDBManager.getConditionHashMap:1820]] Rule conditions loading... 
[INFO], 2019-10-31 11:33:05, [2019-10-31,11:33:05][I][[RDRDBManager.getConclusionSet:1870]] Rule conclusions loading... 
[INFO], 2019-10-31 11:33:05, [2019-10-31,11:33:05][I][[RDRDBManager.getRuleStructureSet:1564]] Rule loading... 
[INFO], 2019-10-31 11:33:40, [2019-10-31,11:33:40][I][[RDRConfig.print:185]] CfgFile : rdr-ep.cfg 
[INFO], 2019-10-31 11:33:40, [2019-10-31,11:33:40][I][[RDRConfig.print:186]]  databaseType : mysql 
[INFO], 2019-10-31 11:33:40, [2019-10-31,11:33:40][I][[RDRConfig.print:187]]  sqliteFile : [ekp_biopsy_stomach.db, null] 
[INFO], 2019-10-31 11:33:40, [2019-10-31,11:33:40][I][[RDRConfig.print:188]]  databaseDriver : com.mysql.jdbc.Driver 
[INFO], 2019-10-31 11:33:40, [2019-10-31,11:33:40][I][[RDRConfig.print:189]]  dbURL : jdbc:mysql://localhost:3306/ 
[INFO], 2019-10-31 11:33:40, [2019-10-31,11:33:40][I][[RDRConfig.print:190]]  useUnicode : yes 
[INFO], 2019-10-31 11:33:40, [2019-10-31,11:33:40][I][[RDRConfig.print:191]]  characterEncoding : UTF-8 
[INFO], 2019-10-31 11:33:40, [2019-10-31,11:33:40][I][[RDRConfig.print:192]]  databaseName : [rdrkb_ep, smf_ep] 
[INFO], 2019-10-31 11:33:40, [2019-10-31,11:33:40][I][[RDRConfig.print:193]]  user : root 
[INFO], 2019-10-31 11:33:40, [2019-10-31,11:33:40][I][[RDRConfig.print:194]]  password : root 
[INFO], 2019-10-31 11:33:40, [2019-10-31,11:33:40][I][[RDRConfig.print:195]]  rootPath   : c:\Dev\eclipse_ws\rdr-general-web\src\main\webapp\WEB-INF\cfg\\ 
[INFO], 2019-10-31 11:33:40, [2019-10-31,11:33:40][I][[RDRConfig.print:196]]  domainPath : c:\Dev\eclipse_ws\rdr-general-web\src\main\webapp\WEB-INF\cfg\\rdr-ep\domain\ 
[INFO], 2019-10-31 11:33:40, [2019-10-31,11:33:40][I][[RDRConfig.print:197]]  sqlPath    : c:\Dev\eclipse_ws\rdr-general-web\src\main\webapp\WEB-INF\cfg\\sql\ 
[INFO], 2019-10-31 11:33:40, [2019-10-31,11:33:40][I][[RDRConfig.print:198]]  logPath    : c:\Dev\eclipse_ws\rdr-general-web\src\main\webapp\WEB-INF\cfg\\rdr-ep\log\ 
[INFO], 2019-10-31 11:33:40, [2019-10-31,11:33:40][I][[RDRConfig.print:199]]  arffFile   : c:\Dev\eclipse_ws\rdr-general-web\src\main\webapp\WEB-INF\cfg\\rdr-ep\domain\cases\rdrkb_ep.arff 
[INFO], 2019-10-31 11:33:40, [2019-10-31,11:33:40][I][[RDRConfig.print:200]]  testArffFile : c:\Dev\eclipse_ws\rdr-general-web\src\main\webapp\WEB-INF\cfg\\rdr-ep\domain\cases\rdrkb_eptesting.arff 
[INFO], 2019-10-31 11:33:40, [2019-10-31,11:33:40][I][[RDRConfig.print:207]]  nullValues : [(na)] [(NA)] [(null)] [(NULL)]  
[INFO], 2019-10-31 11:33:40, [2019-10-31,11:33:40][I][[RDRConfig.print:209]] rangeRatio : 10.0 
[INFO], 2019-10-31 11:33:40, [2019-10-31,11:33:40][I][[RDRConfig.print:210]] strictValidationSCRDR : N 
[INFO], 2019-10-31 11:33:40, [2019-10-31,11:33:40][I][[RDRConfig.print:211]] debug_inputCase : N 
[INFO], 2019-10-31 11:33:40, [2019-10-31,11:33:40][I][[RDRConfig.print:212]] debug_reqeust : Y 
[INFO], 2019-10-31 11:33:40, [2019-10-31,11:33:40][I][[RDRConfig.print:213]] debug_inference : N 
[INFO], 2019-10-31 11:33:40, [2019-10-31,11:33:40][I][[RDRConfig.print:214]] debug_sql : N 
[INFO], 2019-10-31 11:33:40, [2019-10-31,11:33:40][I][[MakeDAO.getDefaultConnection:90]] default connection created.... 
[INFO], 2019-10-31 11:33:40, [2019-10-31,11:33:40][I][[MakeDAO.getDefaultConnection:91]] DB : jdbc:mysql://localhost:3306/rdrkb_ep?useUnicode=yes&characterEncoding=UTF-8&autoReconnect=true&useSSL=false 
[INFO], 2019-10-31 11:33:40, [2019-10-31,11:33:40][I][[MysqlConnection.connect:30]] Opened database successfully, MysqlConnection 
[INFO], 2019-10-31 11:33:40, [2019-10-31,11:33:40][I][[MakeDAO.getDefaultConnection:90]] default connection created.... 
[INFO], 2019-10-31 11:33:40, [2019-10-31,11:33:40][I][[MakeDAO.getDefaultConnection:91]] DB : jdbc:mysql://localhost:3306/rdrkb_ep?useUnicode=yes&characterEncoding=UTF-8&autoReconnect=true&useSSL=false 
[INFO], 2019-10-31 11:33:40, [2019-10-31,11:33:40][I][[MysqlConnection.connect:30]] Opened database successfully, MysqlConnection 
[INFO], 2019-10-31 11:33:40, [2019-10-31,11:33:40][I][[RDRInterface.initializeDomain:175]] Engine initailize, domain : special_immunology 
[INFO], 2019-10-31 11:33:40, [2019-10-31,11:33:40][I][[RDRDBManager.getDomainDetails:1363]] domain : special_immunology, 특수면역학 전기영동검사, SCRDR 
[INFO], 2019-10-31 11:33:40, [2019-10-31,11:33:40][I][[RDRDBManager.getCaseStructure:1420]] Case structure loading... 
[INFO], 2019-10-31 11:33:40, [2019-10-31,11:33:40][I][[RDRDBManager.getCaseStructure:1462]] CaseStructure Load from DB, cnt : 33, dup cnt : 0 
[INFO], 2019-10-31 11:33:40, [2019-10-31,11:33:40][I][[RDRDBManager.getConditionHashMap:1820]] Rule conditions loading... 
[INFO], 2019-10-31 11:33:40, [2019-10-31,11:33:40][I][[RDRDBManager.getConclusionSet:1870]] Rule conclusions loading... 
[INFO], 2019-10-31 11:33:40, [2019-10-31,11:33:40][I][[RDRDBManager.getRuleStructureSet:1564]] Rule loading... 
[INFO], 2019-10-31 11:35:50, [2019-10-31,11:35:50][I][[RDRConfig.print:185]] CfgFile : rdr-ep.cfg 
[INFO], 2019-10-31 11:35:50, [2019-10-31,11:35:50][I][[RDRConfig.print:186]]  databaseType : mysql 
[INFO], 2019-10-31 11:35:50, [2019-10-31,11:35:50][I][[RDRConfig.print:187]]  sqliteFile : [ekp_biopsy_stomach.db, null] 
[INFO], 2019-10-31 11:35:50, [2019-10-31,11:35:50][I][[RDRConfig.print:188]]  databaseDriver : com.mysql.jdbc.Driver 
[INFO], 2019-10-31 11:35:50, [2019-10-31,11:35:50][I][[RDRConfig.print:189]]  dbURL : jdbc:mysql://localhost:3306/ 
[INFO], 2019-10-31 11:35:50, [2019-10-31,11:35:50][I][[RDRConfig.print:190]]  useUnicode : yes 
[INFO], 2019-10-31 11:35:50, [2019-10-31,11:35:50][I][[RDRConfig.print:191]]  characterEncoding : UTF-8 
[INFO], 2019-10-31 11:35:50, [2019-10-31,11:35:50][I][[RDRConfig.print:192]]  databaseName : [rdrkb_ep, smf_ep] 
[INFO], 2019-10-31 11:35:50, [2019-10-31,11:35:50][I][[RDRConfig.print:193]]  user : root 
[INFO], 2019-10-31 11:35:50, [2019-10-31,11:35:50][I][[RDRConfig.print:194]]  password : root 
[INFO], 2019-10-31 11:35:50, [2019-10-31,11:35:50][I][[RDRConfig.print:195]]  rootPath   : c:\Dev\eclipse_ws\rdr-general-web\src\main\webapp\WEB-INF\cfg\\ 
[INFO], 2019-10-31 11:35:50, [2019-10-31,11:35:50][I][[RDRConfig.print:196]]  domainPath : c:\Dev\eclipse_ws\rdr-general-web\src\main\webapp\WEB-INF\cfg\\rdr-ep\domain\ 
[INFO], 2019-10-31 11:35:50, [2019-10-31,11:35:50][I][[RDRConfig.print:197]]  sqlPath    : c:\Dev\eclipse_ws\rdr-general-web\src\main\webapp\WEB-INF\cfg\\sql\ 
[INFO], 2019-10-31 11:35:50, [2019-10-31,11:35:50][I][[RDRConfig.print:198]]  logPath    : c:\Dev\eclipse_ws\rdr-general-web\src\main\webapp\WEB-INF\cfg\\rdr-ep\log\ 
[INFO], 2019-10-31 11:35:50, [2019-10-31,11:35:50][I][[RDRConfig.print:199]]  arffFile   : c:\Dev\eclipse_ws\rdr-general-web\src\main\webapp\WEB-INF\cfg\\rdr-ep\domain\cases\rdrkb_ep.arff 
[INFO], 2019-10-31 11:35:50, [2019-10-31,11:35:50][I][[RDRConfig.print:200]]  testArffFile : c:\Dev\eclipse_ws\rdr-general-web\src\main\webapp\WEB-INF\cfg\\rdr-ep\domain\cases\rdrkb_eptesting.arff 
[INFO], 2019-10-31 11:35:50, [2019-10-31,11:35:50][I][[RDRConfig.print:207]]  nullValues : [(na)] [(NA)] [(null)] [(NULL)]  
[INFO], 2019-10-31 11:35:50, [2019-10-31,11:35:50][I][[RDRConfig.print:209]] rangeRatio : 10.0 
[INFO], 2019-10-31 11:35:50, [2019-10-31,11:35:50][I][[RDRConfig.print:210]] strictValidationSCRDR : N 
[INFO], 2019-10-31 11:35:50, [2019-10-31,11:35:50][I][[RDRConfig.print:211]] debug_inputCase : N 
[INFO], 2019-10-31 11:35:50, [2019-10-31,11:35:50][I][[RDRConfig.print:212]] debug_reqeust : Y 
[INFO], 2019-10-31 11:35:50, [2019-10-31,11:35:50][I][[RDRConfig.print:213]] debug_inference : N 
[INFO], 2019-10-31 11:35:50, [2019-10-31,11:35:50][I][[RDRConfig.print:214]] debug_sql : N 
[INFO], 2019-10-31 11:35:52, [2019-10-31,11:35:52][I][[MakeDAO.getDefaultConnection:90]] default connection created.... 
[INFO], 2019-10-31 11:35:52, [2019-10-31,11:35:52][I][[MakeDAO.getDefaultConnection:91]] DB : jdbc:mysql://localhost:3306/rdrkb_ep?useUnicode=yes&characterEncoding=UTF-8&autoReconnect=true&useSSL=false 
[INFO], 2019-10-31 11:35:52, [2019-10-31,11:35:52][I][[MysqlConnection.connect:30]] Opened database successfully, MysqlConnection 
[INFO], 2019-10-31 11:35:52, [2019-10-31,11:35:52][I][[MakeDAO.getDefaultConnection:90]] default connection created.... 
[INFO], 2019-10-31 11:35:52, [2019-10-31,11:35:52][I][[MakeDAO.getDefaultConnection:91]] DB : jdbc:mysql://localhost:3306/rdrkb_ep?useUnicode=yes&characterEncoding=UTF-8&autoReconnect=true&useSSL=false 
[INFO], 2019-10-31 11:35:52, [2019-10-31,11:35:52][I][[MysqlConnection.connect:30]] Opened database successfully, MysqlConnection 
[INFO], 2019-10-31 11:35:52, [2019-10-31,11:35:52][I][[RDRInterface.initializeDomain:175]] Engine initailize, domain : special_immunology 
[INFO], 2019-10-31 11:35:52, [2019-10-31,11:35:52][I][[RDRDBManager.getDomainDetails:1363]] domain : special_immunology, 특수면역학 전기영동검사, SCRDR 
[INFO], 2019-10-31 11:35:52, [2019-10-31,11:35:52][I][[RDRDBManager.getCaseStructure:1420]] Case structure loading... 
[INFO], 2019-10-31 11:35:52, [2019-10-31,11:35:52][I][[RDRDBManager.getCaseStructure:1462]] CaseStructure Load from DB, cnt : 33, dup cnt : 0 
[INFO], 2019-10-31 11:35:52, [2019-10-31,11:35:52][I][[RDRDBManager.getConditionHashMap:1820]] Rule conditions loading... 
[INFO], 2019-10-31 11:35:52, [2019-10-31,11:35:52][I][[RDRDBManager.getConclusionSet:1870]] Rule conclusions loading... 
[INFO], 2019-10-31 11:35:52, [2019-10-31,11:35:52][I][[RDRDBManager.getRuleStructureSet:1564]] Rule loading... 
[INFO], 2019-10-31 11:36:41, [2019-10-31,11:36:41][I][[RDRConfig.print:185]] CfgFile : rdr-ep.cfg 
[INFO], 2019-10-31 11:36:41, [2019-10-31,11:36:41][I][[RDRConfig.print:186]]  databaseType : mysql 
[INFO], 2019-10-31 11:36:41, [2019-10-31,11:36:41][I][[RDRConfig.print:187]]  sqliteFile : [ekp_biopsy_stomach.db, null] 
[INFO], 2019-10-31 11:36:41, [2019-10-31,11:36:41][I][[RDRConfig.print:188]]  databaseDriver : com.mysql.jdbc.Driver 
[INFO], 2019-10-31 11:36:41, [2019-10-31,11:36:41][I][[RDRConfig.print:189]]  dbURL : jdbc:mysql://localhost:3306/ 
[INFO], 2019-10-31 11:36:41, [2019-10-31,11:36:41][I][[RDRConfig.print:190]]  useUnicode : yes 
[INFO], 2019-10-31 11:36:41, [2019-10-31,11:36:41][I][[RDRConfig.print:191]]  characterEncoding : UTF-8 
[INFO], 2019-10-31 11:36:41, [2019-10-31,11:36:41][I][[RDRConfig.print:192]]  databaseName : [rdrkb_ep, smf_ep] 
[INFO], 2019-10-31 11:36:41, [2019-10-31,11:36:41][I][[RDRConfig.print:193]]  user : root 
[INFO], 2019-10-31 11:36:41, [2019-10-31,11:36:41][I][[RDRConfig.print:194]]  password : root 
[INFO], 2019-10-31 11:36:41, [2019-10-31,11:36:41][I][[RDRConfig.print:195]]  rootPath   : c:\Dev\eclipse_ws\rdr-general-web\src\main\webapp\WEB-INF\cfg\\ 
[INFO], 2019-10-31 11:36:41, [2019-10-31,11:36:41][I][[RDRConfig.print:196]]  domainPath : c:\Dev\eclipse_ws\rdr-general-web\src\main\webapp\WEB-INF\cfg\\rdr-ep\domain\ 
[INFO], 2019-10-31 11:36:41, [2019-10-31,11:36:41][I][[RDRConfig.print:197]]  sqlPath    : c:\Dev\eclipse_ws\rdr-general-web\src\main\webapp\WEB-INF\cfg\\sql\ 
[INFO], 2019-10-31 11:36:41, [2019-10-31,11:36:41][I][[RDRConfig.print:198]]  logPath    : c:\Dev\eclipse_ws\rdr-general-web\src\main\webapp\WEB-INF\cfg\\rdr-ep\log\ 
[INFO], 2019-10-31 11:36:41, [2019-10-31,11:36:41][I][[RDRConfig.print:199]]  arffFile   : c:\Dev\eclipse_ws\rdr-general-web\src\main\webapp\WEB-INF\cfg\\rdr-ep\domain\cases\rdrkb_ep.arff 
[INFO], 2019-10-31 11:36:41, [2019-10-31,11:36:41][I][[RDRConfig.print:200]]  testArffFile : c:\Dev\eclipse_ws\rdr-general-web\src\main\webapp\WEB-INF\cfg\\rdr-ep\domain\cases\rdrkb_eptesting.arff 
[INFO], 2019-10-31 11:36:41, [2019-10-31,11:36:41][I][[RDRConfig.print:207]]  nullValues : [(na)] [(NA)] [(null)] [(NULL)]  
[INFO], 2019-10-31 11:36:41, [2019-10-31,11:36:41][I][[RDRConfig.print:209]] rangeRatio : 10.0 
[INFO], 2019-10-31 11:36:41, [2019-10-31,11:36:41][I][[RDRConfig.print:210]] strictValidationSCRDR : N 
[INFO], 2019-10-31 11:36:41, [2019-10-31,11:36:41][I][[RDRConfig.print:211]] debug_inputCase : N 
[INFO], 2019-10-31 11:36:41, [2019-10-31,11:36:41][I][[RDRConfig.print:212]] debug_reqeust : Y 
[INFO], 2019-10-31 11:36:41, [2019-10-31,11:36:41][I][[RDRConfig.print:213]] debug_inference : N 
[INFO], 2019-10-31 11:36:41, [2019-10-31,11:36:41][I][[RDRConfig.print:214]] debug_sql : N 
[INFO], 2019-10-31 11:36:43, [2019-10-31,11:36:43][I][[MakeDAO.getDefaultConnection:90]] default connection created.... 
[INFO], 2019-10-31 11:36:43, [2019-10-31,11:36:43][I][[MakeDAO.getDefaultConnection:91]] DB : jdbc:mysql://localhost:3306/rdrkb_ep?useUnicode=yes&characterEncoding=UTF-8&autoReconnect=true&useSSL=false 
[INFO], 2019-10-31 11:36:43, [2019-10-31,11:36:43][I][[MysqlConnection.connect:30]] Opened database successfully, MysqlConnection 
[INFO], 2019-10-31 11:36:43, [2019-10-31,11:36:43][I][[MakeDAO.getDefaultConnection:90]] default connection created.... 
[INFO], 2019-10-31 11:36:43, [2019-10-31,11:36:43][I][[MakeDAO.getDefaultConnection:91]] DB : jdbc:mysql://localhost:3306/rdrkb_ep?useUnicode=yes&characterEncoding=UTF-8&autoReconnect=true&useSSL=false 
[INFO], 2019-10-31 11:36:43, [2019-10-31,11:36:43][I][[MysqlConnection.connect:30]] Opened database successfully, MysqlConnection 
[INFO], 2019-10-31 11:36:43, [2019-10-31,11:36:43][I][[RDRInterface.initializeDomain:175]] Engine initailize, domain : special_immunology 
[INFO], 2019-10-31 11:36:43, [2019-10-31,11:36:43][I][[RDRDBManager.getDomainDetails:1363]] domain : special_immunology, 특수면역학 전기영동검사, SCRDR 
[INFO], 2019-10-31 11:36:43, [2019-10-31,11:36:43][I][[RDRDBManager.getCaseStructure:1420]] Case structure loading... 
[INFO], 2019-10-31 11:36:43, [2019-10-31,11:36:43][I][[RDRDBManager.getCaseStructure:1462]] CaseStructure Load from DB, cnt : 33, dup cnt : 0 
[INFO], 2019-10-31 11:36:43, [2019-10-31,11:36:43][I][[RDRDBManager.getConditionHashMap:1820]] Rule conditions loading... 
[INFO], 2019-10-31 11:36:43, [2019-10-31,11:36:43][I][[RDRDBManager.getConclusionSet:1870]] Rule conclusions loading... 
[INFO], 2019-10-31 11:36:43, [2019-10-31,11:36:43][I][[RDRDBManager.getRuleStructureSet:1564]] Rule loading... 
[INFO], 2019-10-31 11:37:23, [2019-10-31,11:37:23][I][[RDRConfig.print:185]] CfgFile : rdr-ep.cfg 
[INFO], 2019-10-31 11:37:23, [2019-10-31,11:37:23][I][[RDRConfig.print:186]]  databaseType : mysql 
[INFO], 2019-10-31 11:37:23, [2019-10-31,11:37:23][I][[RDRConfig.print:187]]  sqliteFile : [ekp_biopsy_stomach.db, null] 
[INFO], 2019-10-31 11:37:23, [2019-10-31,11:37:23][I][[RDRConfig.print:188]]  databaseDriver : com.mysql.jdbc.Driver 
[INFO], 2019-10-31 11:37:23, [2019-10-31,11:37:23][I][[RDRConfig.print:189]]  dbURL : jdbc:mysql://localhost:3306/ 
[INFO], 2019-10-31 11:37:23, [2019-10-31,11:37:23][I][[RDRConfig.print:190]]  useUnicode : yes 
[INFO], 2019-10-31 11:37:23, [2019-10-31,11:37:23][I][[RDRConfig.print:191]]  characterEncoding : UTF-8 
[INFO], 2019-10-31 11:37:23, [2019-10-31,11:37:23][I][[RDRConfig.print:192]]  databaseName : [rdrkb_ep, smf_ep] 
[INFO], 2019-10-31 11:37:23, [2019-10-31,11:37:23][I][[RDRConfig.print:193]]  user : root 
[INFO], 2019-10-31 11:37:23, [2019-10-31,11:37:23][I][[RDRConfig.print:194]]  password : root 
[INFO], 2019-10-31 11:37:23, [2019-10-31,11:37:23][I][[RDRConfig.print:195]]  rootPath   : c:\Dev\eclipse_ws\rdr-general-web\src\main\webapp\WEB-INF\cfg\\ 
[INFO], 2019-10-31 11:37:23, [2019-10-31,11:37:23][I][[RDRConfig.print:196]]  domainPath : c:\Dev\eclipse_ws\rdr-general-web\src\main\webapp\WEB-INF\cfg\\rdr-ep\domain\ 
[INFO], 2019-10-31 11:37:23, [2019-10-31,11:37:23][I][[RDRConfig.print:197]]  sqlPath    : c:\Dev\eclipse_ws\rdr-general-web\src\main\webapp\WEB-INF\cfg\\sql\ 
[INFO], 2019-10-31 11:37:23, [2019-10-31,11:37:23][I][[RDRConfig.print:198]]  logPath    : c:\Dev\eclipse_ws\rdr-general-web\src\main\webapp\WEB-INF\cfg\\rdr-ep\log\ 
[INFO], 2019-10-31 11:37:23, [2019-10-31,11:37:23][I][[RDRConfig.print:199]]  arffFile   : c:\Dev\eclipse_ws\rdr-general-web\src\main\webapp\WEB-INF\cfg\\rdr-ep\domain\cases\rdrkb_ep.arff 
[INFO], 2019-10-31 11:37:23, [2019-10-31,11:37:23][I][[RDRConfig.print:200]]  testArffFile : c:\Dev\eclipse_ws\rdr-general-web\src\main\webapp\WEB-INF\cfg\\rdr-ep\domain\cases\rdrkb_eptesting.arff 
[INFO], 2019-10-31 11:37:23, [2019-10-31,11:37:23][I][[RDRConfig.print:207]]  nullValues : [(na)] [(NA)] [(null)] [(NULL)]  
[INFO], 2019-10-31 11:37:23, [2019-10-31,11:37:23][I][[RDRConfig.print:209]] rangeRatio : 10.0 
[INFO], 2019-10-31 11:37:23, [2019-10-31,11:37:23][I][[RDRConfig.print:210]] strictValidationSCRDR : N 
[INFO], 2019-10-31 11:37:23, [2019-10-31,11:37:23][I][[RDRConfig.print:211]] debug_inputCase : N 
[INFO], 2019-10-31 11:37:23, [2019-10-31,11:37:23][I][[RDRConfig.print:212]] debug_reqeust : Y 
[INFO], 2019-10-31 11:37:23, [2019-10-31,11:37:23][I][[RDRConfig.print:213]] debug_inference : N 
[INFO], 2019-10-31 11:37:23, [2019-10-31,11:37:23][I][[RDRConfig.print:214]] debug_sql : N 
[INFO], 2019-10-31 11:37:24, [2019-10-31,11:37:24][I][[MakeDAO.getDefaultConnection:90]] default connection created.... 
[INFO], 2019-10-31 11:37:24, [2019-10-31,11:37:24][I][[MakeDAO.getDefaultConnection:91]] DB : jdbc:mysql://localhost:3306/rdrkb_ep?useUnicode=yes&characterEncoding=UTF-8&autoReconnect=true&useSSL=false 
[INFO], 2019-10-31 11:37:24, [2019-10-31,11:37:24][I][[MysqlConnection.connect:30]] Opened database successfully, MysqlConnection 
[INFO], 2019-10-31 11:37:24, [2019-10-31,11:37:24][I][[MakeDAO.getDefaultConnection:90]] default connection created.... 
[INFO], 2019-10-31 11:37:24, [2019-10-31,11:37:24][I][[MakeDAO.getDefaultConnection:91]] DB : jdbc:mysql://localhost:3306/rdrkb_ep?useUnicode=yes&characterEncoding=UTF-8&autoReconnect=true&useSSL=false 
[INFO], 2019-10-31 11:37:24, [2019-10-31,11:37:24][I][[MysqlConnection.connect:30]] Opened database successfully, MysqlConnection 
[INFO], 2019-10-31 11:37:24, [2019-10-31,11:37:24][I][[RDRInterface.initializeDomain:175]] Engine initailize, domain : special_immunology 
[INFO], 2019-10-31 11:37:24, [2019-10-31,11:37:24][I][[RDRDBManager.getDomainDetails:1363]] domain : special_immunology, 특수면역학 전기영동검사, SCRDR 
[INFO], 2019-10-31 11:37:24, [2019-10-31,11:37:24][I][[RDRDBManager.getCaseStructure:1420]] Case structure loading... 
[INFO], 2019-10-31 11:37:24, [2019-10-31,11:37:24][I][[RDRDBManager.getCaseStructure:1462]] CaseStructure Load from DB, cnt : 33, dup cnt : 0 
[INFO], 2019-10-31 11:37:24, [2019-10-31,11:37:24][I][[RDRDBManager.getConditionHashMap:1820]] Rule conditions loading... 
[INFO], 2019-10-31 11:37:24, [2019-10-31,11:37:24][I][[RDRDBManager.getConclusionSet:1870]] Rule conclusions loading... 
[INFO], 2019-10-31 11:37:24, [2019-10-31,11:37:24][I][[RDRDBManager.getRuleStructureSet:1564]] Rule loading... 
[INFO], 2019-10-31 11:38:50, [2019-10-31,11:38:50][I][[RDRConfig.print:185]] CfgFile : rdr-ep.cfg 
[INFO], 2019-10-31 11:38:50, [2019-10-31,11:38:50][I][[RDRConfig.print:186]]  databaseType : mysql 
[INFO], 2019-10-31 11:38:50, [2019-10-31,11:38:50][I][[RDRConfig.print:187]]  sqliteFile : [ekp_biopsy_stomach.db, null] 
[INFO], 2019-10-31 11:38:50, [2019-10-31,11:38:50][I][[RDRConfig.print:188]]  databaseDriver : com.mysql.jdbc.Driver 
[INFO], 2019-10-31 11:38:50, [2019-10-31,11:38:50][I][[RDRConfig.print:189]]  dbURL : jdbc:mysql://localhost:3306/ 
[INFO], 2019-10-31 11:38:50, [2019-10-31,11:38:50][I][[RDRConfig.print:190]]  useUnicode : yes 
[INFO], 2019-10-31 11:38:50, [2019-10-31,11:38:50][I][[RDRConfig.print:191]]  characterEncoding : UTF-8 
[INFO], 2019-10-31 11:38:50, [2019-10-31,11:38:50][I][[RDRConfig.print:192]]  databaseName : [rdrkb_ep, smf_ep] 
[INFO], 2019-10-31 11:38:50, [2019-10-31,11:38:50][I][[RDRConfig.print:193]]  user : root 
[INFO], 2019-10-31 11:38:50, [2019-10-31,11:38:50][I][[RDRConfig.print:194]]  password : root 
[INFO], 2019-10-31 11:38:50, [2019-10-31,11:38:50][I][[RDRConfig.print:195]]  rootPath   : c:\Dev\eclipse_ws\rdr-general-web\src\main\webapp\WEB-INF\cfg\\ 
[INFO], 2019-10-31 11:38:50, [2019-10-31,11:38:50][I][[RDRConfig.print:196]]  domainPath : c:\Dev\eclipse_ws\rdr-general-web\src\main\webapp\WEB-INF\cfg\\rdr-ep\domain\ 
[INFO], 2019-10-31 11:38:50, [2019-10-31,11:38:50][I][[RDRConfig.print:197]]  sqlPath    : c:\Dev\eclipse_ws\rdr-general-web\src\main\webapp\WEB-INF\cfg\\sql\ 
[INFO], 2019-10-31 11:38:50, [2019-10-31,11:38:50][I][[RDRConfig.print:198]]  logPath    : c:\Dev\eclipse_ws\rdr-general-web\src\main\webapp\WEB-INF\cfg\\rdr-ep\log\ 
[INFO], 2019-10-31 11:38:50, [2019-10-31,11:38:50][I][[RDRConfig.print:199]]  arffFile   : c:\Dev\eclipse_ws\rdr-general-web\src\main\webapp\WEB-INF\cfg\\rdr-ep\domain\cases\rdrkb_ep.arff 
[INFO], 2019-10-31 11:38:50, [2019-10-31,11:38:50][I][[RDRConfig.print:200]]  testArffFile : c:\Dev\eclipse_ws\rdr-general-web\src\main\webapp\WEB-INF\cfg\\rdr-ep\domain\cases\rdrkb_eptesting.arff 
[INFO], 2019-10-31 11:38:50, [2019-10-31,11:38:50][I][[RDRConfig.print:207]]  nullValues : [(na)] [(NA)] [(null)] [(NULL)]  
[INFO], 2019-10-31 11:38:50, [2019-10-31,11:38:50][I][[RDRConfig.print:209]] rangeRatio : 10.0 
[INFO], 2019-10-31 11:38:50, [2019-10-31,11:38:50][I][[RDRConfig.print:210]] strictValidationSCRDR : N 
[INFO], 2019-10-31 11:38:50, [2019-10-31,11:38:50][I][[RDRConfig.print:211]] debug_inputCase : N 
[INFO], 2019-10-31 11:38:50, [2019-10-31,11:38:50][I][[RDRConfig.print:212]] debug_reqeust : Y 
[INFO], 2019-10-31 11:38:50, [2019-10-31,11:38:50][I][[RDRConfig.print:213]] debug_inference : N 
[INFO], 2019-10-31 11:38:50, [2019-10-31,11:38:50][I][[RDRConfig.print:214]] debug_sql : N 
[INFO], 2019-10-31 11:38:50, [2019-10-31,11:38:50][I][[MakeDAO.getDefaultConnection:90]] default connection created.... 
[INFO], 2019-10-31 11:38:50, [2019-10-31,11:38:50][I][[MakeDAO.getDefaultConnection:91]] DB : jdbc:mysql://localhost:3306/rdrkb_ep?useUnicode=yes&characterEncoding=UTF-8&autoReconnect=true&useSSL=false 
[INFO], 2019-10-31 11:38:50, [2019-10-31,11:38:50][I][[MysqlConnection.connect:30]] Opened database successfully, MysqlConnection 
[INFO], 2019-10-31 11:38:50, [2019-10-31,11:38:50][I][[MakeDAO.getDefaultConnection:90]] default connection created.... 
[INFO], 2019-10-31 11:38:50, [2019-10-31,11:38:50][I][[MakeDAO.getDefaultConnection:91]] DB : jdbc:mysql://localhost:3306/rdrkb_ep?useUnicode=yes&characterEncoding=UTF-8&autoReconnect=true&useSSL=false 
[INFO], 2019-10-31 11:38:50, [2019-10-31,11:38:50][I][[MysqlConnection.connect:30]] Opened database successfully, MysqlConnection 
[INFO], 2019-10-31 11:38:50, [2019-10-31,11:38:50][I][[RDRInterface.initializeDomain:175]] Engine initailize, domain : special_immunology 
[INFO], 2019-10-31 11:38:50, [2019-10-31,11:38:50][I][[RDRDBManager.getDomainDetails:1363]] domain : special_immunology, 특수면역학 전기영동검사, SCRDR 
[INFO], 2019-10-31 11:38:50, [2019-10-31,11:38:50][I][[RDRDBManager.getCaseStructure:1420]] Case structure loading... 
[INFO], 2019-10-31 11:38:50, [2019-10-31,11:38:50][I][[RDRDBManager.getCaseStructure:1462]] CaseStructure Load from DB, cnt : 33, dup cnt : 0 
[INFO], 2019-10-31 11:38:50, [2019-10-31,11:38:50][I][[RDRDBManager.getConditionHashMap:1820]] Rule conditions loading... 
[INFO], 2019-10-31 11:38:50, [2019-10-31,11:38:50][I][[RDRDBManager.getConclusionSet:1870]] Rule conclusions loading... 
[INFO], 2019-10-31 11:38:50, [2019-10-31,11:38:50][I][[RDRDBManager.getRuleStructureSet:1564]] Rule loading... 
[INFO], 2019-10-31 11:38:50, [2019-10-31,11:38:50][I][[RDRInterface.initializeDomain:175]] Engine initailize, domain : special_immunology 
[INFO], 2019-10-31 11:38:50, [2019-10-31,11:38:50][I][[RDRDBManager.getDomainDetails:1363]] domain : special_immunology, 특수면역학 전기영동검사, SCRDR 
[INFO], 2019-10-31 11:38:50, [2019-10-31,11:38:50][I][[RDRDBManager.getCaseStructure:1420]] Case structure loading... 
[INFO], 2019-10-31 11:38:50, [2019-10-31,11:38:50][I][[RDRDBManager.getCaseStructure:1462]] CaseStructure Load from DB, cnt : 33, dup cnt : 0 
[INFO], 2019-10-31 11:38:50, [2019-10-31,11:38:50][I][[RDRDBManager.getConditionHashMap:1820]] Rule conditions loading... 
[INFO], 2019-10-31 11:38:50, [2019-10-31,11:38:50][I][[RDRDBManager.getConclusionSet:1870]] Rule conclusions loading... 
[INFO], 2019-10-31 11:38:50, [2019-10-31,11:38:50][I][[RDRDBManager.getRuleStructureSet:1564]] Rule loading... 
[INFO], 2019-10-31 11:38:50, [2019-10-31,11:38:50][I][[RDRServiceUtil.setLearner:217]] wrongConclusionId by inference : 1 
[INFO], 2019-10-31 11:38:50, [2019-10-31,11:38:50][I][[RDRServiceUtil.setLearner:233]] wrongConclusionName : no rule for this testCode 
[INFO], 2019-10-31 11:38:50, [2019-10-31,11:38:50][I][[RDRServiceUtil.setLearner:276]] select conclusion finished 
[INFO], 2019-10-31 11:38:50, [2019-10-31,11:38:50][I][[RDRInterface.addCondition:534]] new conditoin : (TV_FLAG == N) 
[INFO], 2019-10-31 11:38:50, [2019-10-31,11:38:50][I][[RDRInterface.addCondition:534]] new conditoin : (ALBUMIN == NM) 
[INFO], 2019-10-31 11:38:50, [2019-10-31,11:38:50][I][[RDRInterface.addCondition:534]] new conditoin : (Total Protein == NM) 
[INFO], 2019-10-31 11:38:50, [2019-10-31,11:38:50][I][[RDRServiceUtil.setLearner:304]] add condition finished 
[INFO], 2019-10-31 11:38:50, [2019-10-31,11:38:50][I][[RDRService.getValidationCasesBatch:1187]] getValidationCasesBatch is finished successfully 
[INFO], 2019-10-31 11:43:45, [2019-10-31,11:43:45][I][[RDRConfig.print:185]] CfgFile : rdr-ep.cfg 
[INFO], 2019-10-31 11:43:45, [2019-10-31,11:43:45][I][[RDRConfig.print:186]]  databaseType : mysql 
[INFO], 2019-10-31 11:43:45, [2019-10-31,11:43:45][I][[RDRConfig.print:187]]  sqliteFile : [ekp_biopsy_stomach.db, null] 
[INFO], 2019-10-31 11:43:45, [2019-10-31,11:43:45][I][[RDRConfig.print:188]]  databaseDriver : com.mysql.jdbc.Driver 
[INFO], 2019-10-31 11:43:45, [2019-10-31,11:43:45][I][[RDRConfig.print:189]]  dbURL : jdbc:mysql://localhost:3306/ 
[INFO], 2019-10-31 11:43:45, [2019-10-31,11:43:45][I][[RDRConfig.print:190]]  useUnicode : yes 
[INFO], 2019-10-31 11:43:45, [2019-10-31,11:43:45][I][[RDRConfig.print:191]]  characterEncoding : UTF-8 
[INFO], 2019-10-31 11:43:45, [2019-10-31,11:43:45][I][[RDRConfig.print:192]]  databaseName : [rdrkb_ep, smf_ep] 
[INFO], 2019-10-31 11:43:45, [2019-10-31,11:43:45][I][[RDRConfig.print:193]]  user : root 
[INFO], 2019-10-31 11:43:45, [2019-10-31,11:43:45][I][[RDRConfig.print:194]]  password : root 
[INFO], 2019-10-31 11:43:45, [2019-10-31,11:43:45][I][[RDRConfig.print:195]]  rootPath   : c:\Dev\eclipse_ws\rdr-general-web\src\main\webapp\WEB-INF\cfg\\ 
[INFO], 2019-10-31 11:43:45, [2019-10-31,11:43:45][I][[RDRConfig.print:196]]  domainPath : c:\Dev\eclipse_ws\rdr-general-web\src\main\webapp\WEB-INF\cfg\\rdr-ep\domain\ 
[INFO], 2019-10-31 11:43:45, [2019-10-31,11:43:45][I][[RDRConfig.print:197]]  sqlPath    : c:\Dev\eclipse_ws\rdr-general-web\src\main\webapp\WEB-INF\cfg\\sql\ 
[INFO], 2019-10-31 11:43:45, [2019-10-31,11:43:45][I][[RDRConfig.print:198]]  logPath    : c:\Dev\eclipse_ws\rdr-general-web\src\main\webapp\WEB-INF\cfg\\rdr-ep\log\ 
[INFO], 2019-10-31 11:43:45, [2019-10-31,11:43:45][I][[RDRConfig.print:199]]  arffFile   : c:\Dev\eclipse_ws\rdr-general-web\src\main\webapp\WEB-INF\cfg\\rdr-ep\domain\cases\rdrkb_ep.arff 
[INFO], 2019-10-31 11:43:45, [2019-10-31,11:43:45][I][[RDRConfig.print:200]]  testArffFile : c:\Dev\eclipse_ws\rdr-general-web\src\main\webapp\WEB-INF\cfg\\rdr-ep\domain\cases\rdrkb_eptesting.arff 
[INFO], 2019-10-31 11:43:45, [2019-10-31,11:43:45][I][[RDRConfig.print:207]]  nullValues : [(na)] [(NA)] [(null)] [(NULL)]  
[INFO], 2019-10-31 11:43:45, [2019-10-31,11:43:45][I][[RDRConfig.print:209]] rangeRatio : 10.0 
[INFO], 2019-10-31 11:43:45, [2019-10-31,11:43:45][I][[RDRConfig.print:210]] strictValidationSCRDR : N 
[INFO], 2019-10-31 11:43:45, [2019-10-31,11:43:45][I][[RDRConfig.print:211]] debug_inputCase : N 
[INFO], 2019-10-31 11:43:45, [2019-10-31,11:43:45][I][[RDRConfig.print:212]] debug_reqeust : Y 
[INFO], 2019-10-31 11:43:45, [2019-10-31,11:43:45][I][[RDRConfig.print:213]] debug_inference : N 
[INFO], 2019-10-31 11:43:45, [2019-10-31,11:43:45][I][[RDRConfig.print:214]] debug_sql : N 
[INFO], 2019-10-31 11:43:46, [2019-10-31,11:43:46][I][[MakeDAO.getDefaultConnection:90]] default connection created.... 
[INFO], 2019-10-31 11:43:46, [2019-10-31,11:43:46][I][[MakeDAO.getDefaultConnection:91]] DB : jdbc:mysql://localhost:3306/rdrkb_ep?useUnicode=yes&characterEncoding=UTF-8&autoReconnect=true&useSSL=false 
[INFO], 2019-10-31 11:43:46, [2019-10-31,11:43:46][I][[MysqlConnection.connect:30]] Opened database successfully, MysqlConnection 
[INFO], 2019-10-31 11:43:46, [2019-10-31,11:43:46][I][[MakeDAO.getDefaultConnection:90]] default connection created.... 
[INFO], 2019-10-31 11:43:46, [2019-10-31,11:43:46][I][[MakeDAO.getDefaultConnection:91]] DB : jdbc:mysql://localhost:3306/rdrkb_ep?useUnicode=yes&characterEncoding=UTF-8&autoReconnect=true&useSSL=false 
[INFO], 2019-10-31 11:43:46, [2019-10-31,11:43:46][I][[MysqlConnection.connect:30]] Opened database successfully, MysqlConnection 
[INFO], 2019-10-31 11:43:46, [2019-10-31,11:43:46][I][[RDRInterface.initializeDomain:175]] Engine initailize, domain : special_immunology 
[INFO], 2019-10-31 11:43:46, [2019-10-31,11:43:46][I][[RDRDBManager.getDomainDetails:1363]] domain : special_immunology, 특수면역학 전기영동검사, SCRDR 
[INFO], 2019-10-31 11:43:46, [2019-10-31,11:43:46][I][[RDRDBManager.getCaseStructure:1420]] Case structure loading... 
[INFO], 2019-10-31 11:43:46, [2019-10-31,11:43:46][I][[RDRDBManager.getCaseStructure:1462]] CaseStructure Load from DB, cnt : 33, dup cnt : 0 
[INFO], 2019-10-31 11:43:46, [2019-10-31,11:43:46][I][[RDRDBManager.getConditionHashMap:1820]] Rule conditions loading... 
[INFO], 2019-10-31 11:43:46, [2019-10-31,11:43:46][I][[RDRDBManager.getConclusionSet:1870]] Rule conclusions loading... 
[INFO], 2019-10-31 11:43:46, [2019-10-31,11:43:46][I][[RDRDBManager.getRuleStructureSet:1564]] Rule loading... 
[INFO], 2019-10-31 11:43:46, [2019-10-31,11:43:46][I][[RDRInterface.initializeDomain:175]] Engine initailize, domain : special_immunology 
[INFO], 2019-10-31 11:43:46, [2019-10-31,11:43:46][I][[RDRDBManager.getDomainDetails:1363]] domain : special_immunology, 특수면역학 전기영동검사, SCRDR 
[INFO], 2019-10-31 11:43:46, [2019-10-31,11:43:46][I][[RDRDBManager.getCaseStructure:1420]] Case structure loading... 
[INFO], 2019-10-31 11:43:46, [2019-10-31,11:43:46][I][[RDRDBManager.getCaseStructure:1462]] CaseStructure Load from DB, cnt : 33, dup cnt : 0 
[INFO], 2019-10-31 11:43:46, [2019-10-31,11:43:46][I][[RDRDBManager.getConditionHashMap:1820]] Rule conditions loading... 
[INFO], 2019-10-31 11:43:46, [2019-10-31,11:43:46][I][[RDRDBManager.getConclusionSet:1870]] Rule conclusions loading... 
[INFO], 2019-10-31 11:43:46, [2019-10-31,11:43:46][I][[RDRDBManager.getRuleStructureSet:1564]] Rule loading... 
[INFO], 2019-10-31 11:43:46, [2019-10-31,11:43:46][I][[RDRServiceUtil.setLearner:217]] wrongConclusionId by inference : 1 
[INFO], 2019-10-31 11:43:46, [2019-10-31,11:43:46][I][[RDRServiceUtil.setLearner:233]] wrongConclusionName : no rule for this testCode 
[INFO], 2019-10-31 11:43:46, [2019-10-31,11:43:46][I][[RDRServiceUtil.setLearner:276]] select conclusion finished 
[INFO], 2019-10-31 11:43:46, [2019-10-31,11:43:46][I][[RDRInterface.addCondition:534]] new conditoin : (TV_FLAG == N) 
[INFO], 2019-10-31 11:43:46, [2019-10-31,11:43:46][I][[RDRInterface.addCondition:534]] new conditoin : (ALBUMIN == NM) 
[INFO], 2019-10-31 11:43:46, [2019-10-31,11:43:46][I][[RDRInterface.addCondition:534]] new conditoin : (Total Protein == NM) 
[INFO], 2019-10-31 11:43:46, [2019-10-31,11:43:46][I][[RDRServiceUtil.setLearner:304]] add condition finished 
[INFO], 2019-10-31 11:43:46, [2019-10-31,11:43:46][I][[RDRService.getValidationCasesBatch:1187]] getValidationCasesBatch is finished successfully 
[INFO], 2019-10-31 11:45:06, [2019-10-31,11:45:06][I][[RDRConfig.print:185]] CfgFile : rdr-ep.cfg 
[INFO], 2019-10-31 11:45:06, [2019-10-31,11:45:06][I][[RDRConfig.print:186]]  databaseType : mysql 
[INFO], 2019-10-31 11:45:06, [2019-10-31,11:45:06][I][[RDRConfig.print:187]]  sqliteFile : [ekp_biopsy_stomach.db, null] 
[INFO], 2019-10-31 11:45:06, [2019-10-31,11:45:06][I][[RDRConfig.print:188]]  databaseDriver : com.mysql.jdbc.Driver 
[INFO], 2019-10-31 11:45:06, [2019-10-31,11:45:06][I][[RDRConfig.print:189]]  dbURL : jdbc:mysql://localhost:3306/ 
[INFO], 2019-10-31 11:45:06, [2019-10-31,11:45:06][I][[RDRConfig.print:190]]  useUnicode : yes 
[INFO], 2019-10-31 11:45:06, [2019-10-31,11:45:06][I][[RDRConfig.print:191]]  characterEncoding : UTF-8 
[INFO], 2019-10-31 11:45:06, [2019-10-31,11:45:06][I][[RDRConfig.print:192]]  databaseName : [rdrkb_ep, smf_ep] 
[INFO], 2019-10-31 11:45:06, [2019-10-31,11:45:06][I][[RDRConfig.print:193]]  user : root 
[INFO], 2019-10-31 11:45:06, [2019-10-31,11:45:06][I][[RDRConfig.print:194]]  password : root 
[INFO], 2019-10-31 11:45:06, [2019-10-31,11:45:06][I][[RDRConfig.print:195]]  rootPath   : c:\Dev\eclipse_ws\rdr-general-web\src\main\webapp\WEB-INF\cfg\\ 
[INFO], 2019-10-31 11:45:06, [2019-10-31,11:45:06][I][[RDRConfig.print:196]]  domainPath : c:\Dev\eclipse_ws\rdr-general-web\src\main\webapp\WEB-INF\cfg\\rdr-ep\domain\ 
[INFO], 2019-10-31 11:45:06, [2019-10-31,11:45:06][I][[RDRConfig.print:197]]  sqlPath    : c:\Dev\eclipse_ws\rdr-general-web\src\main\webapp\WEB-INF\cfg\\sql\ 
[INFO], 2019-10-31 11:45:06, [2019-10-31,11:45:06][I][[RDRConfig.print:198]]  logPath    : c:\Dev\eclipse_ws\rdr-general-web\src\main\webapp\WEB-INF\cfg\\rdr-ep\log\ 
[INFO], 2019-10-31 11:45:06, [2019-10-31,11:45:06][I][[RDRConfig.print:199]]  arffFile   : c:\Dev\eclipse_ws\rdr-general-web\src\main\webapp\WEB-INF\cfg\\rdr-ep\domain\cases\rdrkb_ep.arff 
[INFO], 2019-10-31 11:45:06, [2019-10-31,11:45:06][I][[RDRConfig.print:200]]  testArffFile : c:\Dev\eclipse_ws\rdr-general-web\src\main\webapp\WEB-INF\cfg\\rdr-ep\domain\cases\rdrkb_eptesting.arff 
[INFO], 2019-10-31 11:45:06, [2019-10-31,11:45:06][I][[RDRConfig.print:207]]  nullValues : [(na)] [(NA)] [(null)] [(NULL)]  
[INFO], 2019-10-31 11:45:06, [2019-10-31,11:45:06][I][[RDRConfig.print:209]] rangeRatio : 10.0 
[INFO], 2019-10-31 11:45:06, [2019-10-31,11:45:06][I][[RDRConfig.print:210]] strictValidationSCRDR : N 
[INFO], 2019-10-31 11:45:06, [2019-10-31,11:45:06][I][[RDRConfig.print:211]] debug_inputCase : N 
[INFO], 2019-10-31 11:45:06, [2019-10-31,11:45:06][I][[RDRConfig.print:212]] debug_reqeust : Y 
[INFO], 2019-10-31 11:45:06, [2019-10-31,11:45:06][I][[RDRConfig.print:213]] debug_inference : N 
[INFO], 2019-10-31 11:45:06, [2019-10-31,11:45:06][I][[RDRConfig.print:214]] debug_sql : N 
[INFO], 2019-10-31 11:45:06, [2019-10-31,11:45:06][I][[MakeDAO.getDefaultConnection:90]] default connection created.... 
[INFO], 2019-10-31 11:45:06, [2019-10-31,11:45:06][I][[MakeDAO.getDefaultConnection:91]] DB : jdbc:mysql://localhost:3306/rdrkb_ep?useUnicode=yes&characterEncoding=UTF-8&autoReconnect=true&useSSL=false 
[INFO], 2019-10-31 11:45:06, [2019-10-31,11:45:06][I][[MysqlConnection.connect:30]] Opened database successfully, MysqlConnection 
[INFO], 2019-10-31 11:45:06, [2019-10-31,11:45:06][I][[MakeDAO.getDefaultConnection:90]] default connection created.... 
[INFO], 2019-10-31 11:45:06, [2019-10-31,11:45:06][I][[MakeDAO.getDefaultConnection:91]] DB : jdbc:mysql://localhost:3306/rdrkb_ep?useUnicode=yes&characterEncoding=UTF-8&autoReconnect=true&useSSL=false 
[INFO], 2019-10-31 11:45:06, [2019-10-31,11:45:06][I][[MysqlConnection.connect:30]] Opened database successfully, MysqlConnection 
[INFO], 2019-10-31 11:45:06, [2019-10-31,11:45:06][I][[RDRInterface.initializeDomain:175]] Engine initailize, domain : special_immunology 
[INFO], 2019-10-31 11:45:06, [2019-10-31,11:45:06][I][[RDRDBManager.getDomainDetails:1363]] domain : special_immunology, 특수면역학 전기영동검사, SCRDR 
[INFO], 2019-10-31 11:45:06, [2019-10-31,11:45:06][I][[RDRDBManager.getCaseStructure:1420]] Case structure loading... 
[INFO], 2019-10-31 11:45:06, [2019-10-31,11:45:06][I][[RDRDBManager.getCaseStructure:1462]] CaseStructure Load from DB, cnt : 33, dup cnt : 0 
[INFO], 2019-10-31 11:45:06, [2019-10-31,11:45:06][I][[RDRDBManager.getConditionHashMap:1820]] Rule conditions loading... 
[INFO], 2019-10-31 11:45:06, [2019-10-31,11:45:06][I][[RDRDBManager.getConclusionSet:1870]] Rule conclusions loading... 
[INFO], 2019-10-31 11:45:06, [2019-10-31,11:45:06][I][[RDRDBManager.getRuleStructureSet:1564]] Rule loading... 
[INFO], 2019-10-31 11:45:06, [2019-10-31,11:45:06][I][[RDRInterface.initializeDomain:175]] Engine initailize, domain : special_immunology 
[INFO], 2019-10-31 11:45:06, [2019-10-31,11:45:06][I][[RDRDBManager.getDomainDetails:1363]] domain : special_immunology, 특수면역학 전기영동검사, SCRDR 
[INFO], 2019-10-31 11:45:06, [2019-10-31,11:45:06][I][[RDRDBManager.getCaseStructure:1420]] Case structure loading... 
[INFO], 2019-10-31 11:45:06, [2019-10-31,11:45:06][I][[RDRDBManager.getCaseStructure:1462]] CaseStructure Load from DB, cnt : 33, dup cnt : 0 
[INFO], 2019-10-31 11:45:06, [2019-10-31,11:45:06][I][[RDRDBManager.getConditionHashMap:1820]] Rule conditions loading... 
[INFO], 2019-10-31 11:45:06, [2019-10-31,11:45:06][I][[RDRDBManager.getConclusionSet:1870]] Rule conclusions loading... 
[INFO], 2019-10-31 11:45:06, [2019-10-31,11:45:06][I][[RDRDBManager.getRuleStructureSet:1564]] Rule loading... 
[INFO], 2019-10-31 11:45:06, [2019-10-31,11:45:06][I][[RDRServiceUtil.setLearner:217]] wrongConclusionId by inference : 83 
[INFO], 2019-10-31 11:45:06, [2019-10-31,11:45:06][I][[RDRServiceUtil.setLearner:233]] wrongConclusionName : USEP001 
[INFO], 2019-10-31 11:45:06, [2019-10-31,11:45:06][I][[RDRServiceUtil.setLearner:276]] select conclusion finished 
[INFO], 2019-10-31 11:45:06, [2019-10-31,11:45:06][I][[RDRInterface.addCondition:534]] new conditoin : (TV_FLAG == N) 
[INFO], 2019-10-31 11:45:06, [2019-10-31,11:45:06][I][[RDRInterface.addCondition:534]] new conditoin : (ALBUMIN == NM) 
[INFO], 2019-10-31 11:45:06, [2019-10-31,11:45:06][I][[RDRInterface.addCondition:534]] new conditoin : (Total Protein == NM) 
[INFO], 2019-10-31 11:45:06, [2019-10-31,11:45:06][I][[RDRServiceUtil.setLearner:304]] add condition finished 
[INFO], 2019-10-31 11:45:06, [2019-10-31,11:45:06][I][[RDRService.getValidationCasesBatch:1187]] getValidationCasesBatch is finished successfully 
[INFO], 2019-10-31 11:49:36, [2019-10-31,11:49:36][I][[RDRConfig.print:185]] CfgFile : rdr-ep.cfg 
[INFO], 2019-10-31 11:49:36, [2019-10-31,11:49:36][I][[RDRConfig.print:186]]  databaseType : mysql 
[INFO], 2019-10-31 11:49:36, [2019-10-31,11:49:36][I][[RDRConfig.print:187]]  sqliteFile : [ekp_biopsy_stomach.db, null] 
[INFO], 2019-10-31 11:49:36, [2019-10-31,11:49:36][I][[RDRConfig.print:188]]  databaseDriver : com.mysql.jdbc.Driver 
[INFO], 2019-10-31 11:49:36, [2019-10-31,11:49:36][I][[RDRConfig.print:189]]  dbURL : jdbc:mysql://localhost:3306/ 
[INFO], 2019-10-31 11:49:36, [2019-10-31,11:49:36][I][[RDRConfig.print:190]]  useUnicode : yes 
[INFO], 2019-10-31 11:49:36, [2019-10-31,11:49:36][I][[RDRConfig.print:191]]  characterEncoding : UTF-8 
[INFO], 2019-10-31 11:49:36, [2019-10-31,11:49:36][I][[RDRConfig.print:192]]  databaseName : [rdrkb_ep, smf_ep] 
[INFO], 2019-10-31 11:49:36, [2019-10-31,11:49:36][I][[RDRConfig.print:193]]  user : root 
[INFO], 2019-10-31 11:49:36, [2019-10-31,11:49:36][I][[RDRConfig.print:194]]  password : root 
[INFO], 2019-10-31 11:49:36, [2019-10-31,11:49:36][I][[RDRConfig.print:195]]  rootPath   : c:\Dev\eclipse_ws\rdr-general-web\src\main\webapp\WEB-INF\cfg\\ 
[INFO], 2019-10-31 11:49:36, [2019-10-31,11:49:36][I][[RDRConfig.print:196]]  domainPath : c:\Dev\eclipse_ws\rdr-general-web\src\main\webapp\WEB-INF\cfg\\rdr-ep\domain\ 
[INFO], 2019-10-31 11:49:36, [2019-10-31,11:49:36][I][[RDRConfig.print:197]]  sqlPath    : c:\Dev\eclipse_ws\rdr-general-web\src\main\webapp\WEB-INF\cfg\\sql\ 
[INFO], 2019-10-31 11:49:36, [2019-10-31,11:49:36][I][[RDRConfig.print:198]]  logPath    : c:\Dev\eclipse_ws\rdr-general-web\src\main\webapp\WEB-INF\cfg\\rdr-ep\log\ 
[INFO], 2019-10-31 11:49:36, [2019-10-31,11:49:36][I][[RDRConfig.print:199]]  arffFile   : c:\Dev\eclipse_ws\rdr-general-web\src\main\webapp\WEB-INF\cfg\\rdr-ep\domain\cases\rdrkb_ep.arff 
[INFO], 2019-10-31 11:49:36, [2019-10-31,11:49:36][I][[RDRConfig.print:200]]  testArffFile : c:\Dev\eclipse_ws\rdr-general-web\src\main\webapp\WEB-INF\cfg\\rdr-ep\domain\cases\rdrkb_eptesting.arff 
[INFO], 2019-10-31 11:49:36, [2019-10-31,11:49:36][I][[RDRConfig.print:207]]  nullValues : [(na)] [(NA)] [(null)] [(NULL)]  
[INFO], 2019-10-31 11:49:36, [2019-10-31,11:49:36][I][[RDRConfig.print:209]] rangeRatio : 10.0 
[INFO], 2019-10-31 11:49:36, [2019-10-31,11:49:36][I][[RDRConfig.print:210]] strictValidationSCRDR : N 
[INFO], 2019-10-31 11:49:36, [2019-10-31,11:49:36][I][[RDRConfig.print:211]] debug_inputCase : N 
[INFO], 2019-10-31 11:49:36, [2019-10-31,11:49:36][I][[RDRConfig.print:212]] debug_reqeust : Y 
[INFO], 2019-10-31 11:49:36, [2019-10-31,11:49:36][I][[RDRConfig.print:213]] debug_inference : N 
[INFO], 2019-10-31 11:49:36, [2019-10-31,11:49:36][I][[RDRConfig.print:214]] debug_sql : N 
[INFO], 2019-10-31 11:49:37, [2019-10-31,11:49:37][I][[MakeDAO.getDefaultConnection:90]] default connection created.... 
[INFO], 2019-10-31 11:49:37, [2019-10-31,11:49:37][I][[MakeDAO.getDefaultConnection:91]] DB : jdbc:mysql://localhost:3306/rdrkb_ep?useUnicode=yes&characterEncoding=UTF-8&autoReconnect=true&useSSL=false 
[INFO], 2019-10-31 11:49:37, [2019-10-31,11:49:37][I][[MysqlConnection.connect:30]] Opened database successfully, MysqlConnection 
[INFO], 2019-10-31 11:49:37, [2019-10-31,11:49:37][I][[MakeDAO.getDefaultConnection:90]] default connection created.... 
[INFO], 2019-10-31 11:49:37, [2019-10-31,11:49:37][I][[MakeDAO.getDefaultConnection:91]] DB : jdbc:mysql://localhost:3306/rdrkb_ep?useUnicode=yes&characterEncoding=UTF-8&autoReconnect=true&useSSL=false 
[INFO], 2019-10-31 11:49:37, [2019-10-31,11:49:37][I][[MysqlConnection.connect:30]] Opened database successfully, MysqlConnection 
[INFO], 2019-10-31 11:49:37, [2019-10-31,11:49:37][I][[RDRInterface.initializeDomain:175]] Engine initailize, domain : special_immunology 
[INFO], 2019-10-31 11:49:37, [2019-10-31,11:49:37][I][[RDRDBManager.getDomainDetails:1363]] domain : special_immunology, 특수면역학 전기영동검사, SCRDR 
[INFO], 2019-10-31 11:49:37, [2019-10-31,11:49:37][I][[RDRDBManager.getCaseStructure:1420]] Case structure loading... 
[INFO], 2019-10-31 11:49:37, [2019-10-31,11:49:37][I][[RDRDBManager.getCaseStructure:1462]] CaseStructure Load from DB, cnt : 33, dup cnt : 0 
[INFO], 2019-10-31 11:49:37, [2019-10-31,11:49:37][I][[RDRDBManager.getConditionHashMap:1820]] Rule conditions loading... 
[INFO], 2019-10-31 11:49:37, [2019-10-31,11:49:37][I][[RDRDBManager.getConclusionSet:1870]] Rule conclusions loading... 
[INFO], 2019-10-31 11:49:37, [2019-10-31,11:49:37][I][[RDRDBManager.getRuleStructureSet:1564]] Rule loading... 
[INFO], 2019-10-31 11:49:37, [2019-10-31,11:49:37][I][[RDRInterface.initializeDomain:175]] Engine initailize, domain : special_immunology 
[INFO], 2019-10-31 11:49:37, [2019-10-31,11:49:37][I][[RDRDBManager.getDomainDetails:1363]] domain : special_immunology, 특수면역학 전기영동검사, SCRDR 
[INFO], 2019-10-31 11:49:37, [2019-10-31,11:49:37][I][[RDRDBManager.getCaseStructure:1420]] Case structure loading... 
[INFO], 2019-10-31 11:49:37, [2019-10-31,11:49:37][I][[RDRDBManager.getCaseStructure:1462]] CaseStructure Load from DB, cnt : 33, dup cnt : 0 
[INFO], 2019-10-31 11:49:37, [2019-10-31,11:49:37][I][[RDRDBManager.getConditionHashMap:1820]] Rule conditions loading... 
[INFO], 2019-10-31 11:49:37, [2019-10-31,11:49:37][I][[RDRDBManager.getConclusionSet:1870]] Rule conclusions loading... 
[INFO], 2019-10-31 11:49:37, [2019-10-31,11:49:37][I][[RDRDBManager.getRuleStructureSet:1564]] Rule loading... 
[INFO], 2019-10-31 11:49:37, [2019-10-31,11:49:37][I][[RDRServiceUtil.setLearner:217]] wrongConclusionId by inference : 83 
[INFO], 2019-10-31 11:49:37, [2019-10-31,11:49:37][I][[RDRServiceUtil.setLearner:233]] wrongConclusionName : USEP001 
[INFO], 2019-10-31 11:49:37, [2019-10-31,11:49:37][I][[RDRServiceUtil.setLearner:276]] select conclusion finished 
[INFO], 2019-10-31 11:49:37, [2019-10-31,11:49:37][I][[RDRInterface.addCondition:534]] new conditoin : (TV_FLAG == N) 
[INFO], 2019-10-31 11:49:37, [2019-10-31,11:49:37][I][[RDRInterface.addCondition:534]] new conditoin : (ALBUMIN == NM) 
[INFO], 2019-10-31 11:49:37, [2019-10-31,11:49:37][I][[RDRInterface.addCondition:534]] new conditoin : (Total Protein == NM) 
[INFO], 2019-10-31 11:49:37, [2019-10-31,11:49:37][I][[RDRServiceUtil.setLearner:304]] add condition finished 
[INFO], 2019-10-31 14:44:02, [2019-10-31,14:44:02][I][[RDRConfig.print:185]] CfgFile : rdr-ep.cfg 
[INFO], 2019-10-31 14:44:02, [2019-10-31,14:44:02][I][[RDRConfig.print:186]]  databaseType : mysql 
[INFO], 2019-10-31 14:44:02, [2019-10-31,14:44:02][I][[RDRConfig.print:187]]  sqliteFile : [ekp_biopsy_stomach.db, null] 
[INFO], 2019-10-31 14:44:02, [2019-10-31,14:44:02][I][[RDRConfig.print:188]]  databaseDriver : com.mysql.jdbc.Driver 
[INFO], 2019-10-31 14:44:02, [2019-10-31,14:44:02][I][[RDRConfig.print:189]]  dbURL : jdbc:mysql://localhost:3306/ 
[INFO], 2019-10-31 14:44:02, [2019-10-31,14:44:02][I][[RDRConfig.print:190]]  useUnicode : yes 
[INFO], 2019-10-31 14:44:02, [2019-10-31,14:44:02][I][[RDRConfig.print:191]]  characterEncoding : UTF-8 
[INFO], 2019-10-31 14:44:02, [2019-10-31,14:44:02][I][[RDRConfig.print:192]]  databaseName : [rdrkb_ep, smf_ep] 
[INFO], 2019-10-31 14:44:02, [2019-10-31,14:44:02][I][[RDRConfig.print:193]]  user : root 
[INFO], 2019-10-31 14:44:02, [2019-10-31,14:44:02][I][[RDRConfig.print:194]]  password : root 
[INFO], 2019-10-31 14:44:02, [2019-10-31,14:44:02][I][[RDRConfig.print:195]]  rootPath   : c:\Dev\eclipse_ws\rdr-general-web\src\main\webapp\WEB-INF\cfg\\ 
[INFO], 2019-10-31 14:44:02, [2019-10-31,14:44:02][I][[RDRConfig.print:196]]  domainPath : c:\Dev\eclipse_ws\rdr-general-web\src\main\webapp\WEB-INF\cfg\\rdr-ep\domain\ 
[INFO], 2019-10-31 14:44:02, [2019-10-31,14:44:02][I][[RDRConfig.print:197]]  sqlPath    : c:\Dev\eclipse_ws\rdr-general-web\src\main\webapp\WEB-INF\cfg\\sql\ 
[INFO], 2019-10-31 14:44:02, [2019-10-31,14:44:02][I][[RDRConfig.print:198]]  logPath    : c:\Dev\eclipse_ws\rdr-general-web\src\main\webapp\WEB-INF\cfg\\rdr-ep\log\ 
[INFO], 2019-10-31 14:44:02, [2019-10-31,14:44:02][I][[RDRConfig.print:199]]  arffFile   : c:\Dev\eclipse_ws\rdr-general-web\src\main\webapp\WEB-INF\cfg\\rdr-ep\domain\cases\rdrkb_ep.arff 
[INFO], 2019-10-31 14:44:02, [2019-10-31,14:44:02][I][[RDRConfig.print:200]]  testArffFile : c:\Dev\eclipse_ws\rdr-general-web\src\main\webapp\WEB-INF\cfg\\rdr-ep\domain\cases\rdrkb_eptesting.arff 
[INFO], 2019-10-31 14:44:02, [2019-10-31,14:44:02][I][[RDRConfig.print:207]]  nullValues : [(na)] [(NA)] [(null)] [(NULL)]  
[INFO], 2019-10-31 14:44:02, [2019-10-31,14:44:02][I][[RDRConfig.print:209]] rangeRatio : 10.0 
[INFO], 2019-10-31 14:44:02, [2019-10-31,14:44:02][I][[RDRConfig.print:210]] strictValidationSCRDR : N 
[INFO], 2019-10-31 14:44:02, [2019-10-31,14:44:02][I][[RDRConfig.print:211]] debug_inputCase : N 
[INFO], 2019-10-31 14:44:02, [2019-10-31,14:44:02][I][[RDRConfig.print:212]] debug_reqeust : Y 
[INFO], 2019-10-31 14:44:02, [2019-10-31,14:44:02][I][[RDRConfig.print:213]] debug_inference : N 
[INFO], 2019-10-31 14:44:02, [2019-10-31,14:44:02][I][[RDRConfig.print:214]] debug_sql : N 
[INFO], 2019-10-31 14:44:02, [2019-10-31,14:44:02][I][[MakeDAO.getDefaultConnection:90]] default connection created.... 
[INFO], 2019-10-31 14:44:02, [2019-10-31,14:44:02][I][[MakeDAO.getDefaultConnection:91]] DB : jdbc:mysql://localhost:3306/rdrkb_ep?useUnicode=yes&characterEncoding=UTF-8&autoReconnect=true&useSSL=false 
[INFO], 2019-10-31 14:44:02, [2019-10-31,14:44:02][I][[MysqlConnection.connect:30]] Opened database successfully, MysqlConnection 
[INFO], 2019-10-31 14:44:02, [2019-10-31,14:44:02][I][[MakeDAO.getDefaultConnection:90]] default connection created.... 
[INFO], 2019-10-31 14:44:02, [2019-10-31,14:44:02][I][[MakeDAO.getDefaultConnection:91]] DB : jdbc:mysql://localhost:3306/rdrkb_ep?useUnicode=yes&characterEncoding=UTF-8&autoReconnect=true&useSSL=false 
[INFO], 2019-10-31 14:44:02, [2019-10-31,14:44:02][I][[MysqlConnection.connect:30]] Opened database successfully, MysqlConnection 
[INFO], 2019-10-31 14:44:02, [2019-10-31,14:44:02][I][[RDRInterface.initializeDomain:175]] Engine initailize, domain : special_immunology 
[INFO], 2019-10-31 14:44:02, [2019-10-31,14:44:02][I][[RDRDBManager.getDomainDetails:1363]] domain : special_immunology, 특수면역학 전기영동검사, SCRDR 
[INFO], 2019-10-31 14:44:02, [2019-10-31,14:44:02][I][[RDRDBManager.getCaseStructure:1420]] Case structure loading... 
[INFO], 2019-10-31 14:44:02, [2019-10-31,14:44:02][I][[RDRDBManager.getCaseStructure:1462]] CaseStructure Load from DB, cnt : 33, dup cnt : 0 
[INFO], 2019-10-31 14:44:02, [2019-10-31,14:44:02][I][[RDRDBManager.getConditionHashMap:1820]] Rule conditions loading... 
[INFO], 2019-10-31 14:44:02, [2019-10-31,14:44:02][I][[RDRDBManager.getConclusionSet:1870]] Rule conclusions loading... 
[INFO], 2019-10-31 14:44:02, [2019-10-31,14:44:02][I][[RDRDBManager.getRuleStructureSet:1564]] Rule loading... 
[INFO], 2019-10-31 14:44:02, [2019-10-31,14:44:02][I][[RDRInterface.initializeDomain:175]] Engine initailize, domain : special_immunology 
[INFO], 2019-10-31 14:44:02, [2019-10-31,14:44:02][I][[RDRDBManager.getDomainDetails:1363]] domain : special_immunology, 특수면역학 전기영동검사, SCRDR 
[INFO], 2019-10-31 14:44:02, [2019-10-31,14:44:02][I][[RDRDBManager.getCaseStructure:1420]] Case structure loading... 
[INFO], 2019-10-31 14:44:02, [2019-10-31,14:44:02][I][[RDRDBManager.getCaseStructure:1462]] CaseStructure Load from DB, cnt : 33, dup cnt : 0 
[INFO], 2019-10-31 14:44:02, [2019-10-31,14:44:02][I][[RDRDBManager.getConditionHashMap:1820]] Rule conditions loading... 
[INFO], 2019-10-31 14:44:02, [2019-10-31,14:44:02][I][[RDRDBManager.getConclusionSet:1870]] Rule conclusions loading... 
[INFO], 2019-10-31 14:44:02, [2019-10-31,14:44:02][I][[RDRDBManager.getRuleStructureSet:1564]] Rule loading... 
[INFO], 2019-10-31 14:44:02, [2019-10-31,14:44:02][I][[RDRServiceUtil.setLearner:218]] wrongConclusionId by inference : 83 
[INFO], 2019-10-31 14:44:02, [2019-10-31,14:44:02][I][[RDRServiceUtil.setLearner:235]] wrongConclusionName : USEP001 
[INFO], 2019-10-31 14:44:02, [2019-10-31,14:44:02][I][[RDRServiceUtil.setLearner:279]] select conclusion finished 
[INFO], 2019-10-31 14:44:02, [2019-10-31,14:44:02][I][[RDRInterface.addCondition:534]] new conditoin : (TV_FLAG == N) 
[INFO], 2019-10-31 14:44:02, [2019-10-31,14:44:02][I][[RDRInterface.addCondition:534]] new conditoin : (ALBUMIN == NM) 
[INFO], 2019-10-31 14:44:02, [2019-10-31,14:44:02][I][[RDRInterface.addCondition:534]] new conditoin : (Total Protein == NM) 
[INFO], 2019-10-31 14:44:02, [2019-10-31,14:44:02][I][[RDRServiceUtil.setLearner:307]] add condition finished 
[INFO], 2019-10-31 14:44:02, [2019-10-31,14:44:02][I][[RDRService.getValidationCasesBatch:1187]] getValidationCasesBatch is finished successfully 
